{"meta": {"format": 3, "version": "7.6.7", "timestamp": "2026-03-08T02:10:11.602190", "branch_coverage": false, "show_contexts": false}, "files": {"apps/__init__.py": {"executed_lines": [0], "summary": {"covered_lines": 0, "num_statements": 0, "percent_covered": 100.0, "percent_covered_display": "100", "missing_lines": 0, "excluded_lines": 0}, "missing_lines": [], "excluded_lines": [], "functions": {"": {"executed_lines": [], "summary": {"covered_lines": 0, "num_statements": 0, "percent_covered": 100.0, "percent_covered_display": "100", "missing_lines": 0, "excluded_lines": 0}, "missing_lines": [], "excluded_lines": []}}, "classes": {"": {"executed_lines": [], "summary": {"covered_lines": 0, "num_statements": 0, "percent_covered": 100.0, "percent_covered_display": "100", "missing_lines": 0, "excluded_lines": 0}, "missing_lines": [], "excluded_lines": []}}}, "apps/accounts/__init__.py": {"executed_lines": [1], "summary": {"covered_lines": 1, "num_statements": 1, "percent_covered": 100.0, "percent_covered_display": "100", "missing_lines": 0, "excluded_lines": 0}, "missing_lines": [], "excluded_lines": [], "functions": {"": {"executed_lines": [1], "summary": {"covered_lines": 1, "num_statements": 1, "percent_covered": 100.0, "percent_covered_display": "100", "missing_lines": 0, "excluded_lines": 0}, "missing_lines": [], "excluded_lines": []}}, "classes": {"": {"executed_lines": [1], "summary": {"covered_lines": 1, "num_statements": 1, "percent_covered": 100.0, "percent_covered_display": "100", "missing_lines": 0, "excluded_lines": 0}, "missing_lines": [], "excluded_lines": []}}}, "apps/accounts/admin.py": {"executed_lines": [1, 5, 7, 10, 11, 13, 14, 21, 26, 31, 36, 41, 47, 48, 49, 53, 64, 65, 72, 73, 80, 82], "summary": {"covered_lines": 19, "num_statements": 35, "percent_covered": 54.285714285714285, "percent_covered_display": "54", "missing_lines": 16, "excluded_lines": 0}, "missing_lines": [15, 22, 23, 24, 27, 28, 29, 32, 33, 34, 37, 38, 39, 42, 43, 44], "excluded_lines": [], "functions": {"SuperadminBypassAdminMixin._is_platform_superadmin": {"executed_lines": [], "summary": {"covered_lines": 0, "num_statements": 1, "percent_covered": 0.0, "percent_covered_display": "0", "missing_lines": 1, "excluded_lines": 0}, "missing_lines": [15], "excluded_lines": []}, "SuperadminBypassAdminMixin.has_module_permission": {"executed_lines": [], "summary": {"covered_lines": 0, "num_statements": 3, "percent_covered": 0.0, "percent_covered_display": "0", "missing_lines": 3, "excluded_lines": 0}, "missing_lines": [22, 23, 24], "excluded_lines": []}, "SuperadminBypassAdminMixin.has_view_permission": {"executed_lines": [], "summary": {"covered_lines": 0, "num_statements": 3, "percent_covered": 0.0, "percent_covered_display": "0", "missing_lines": 3, "excluded_lines": 0}, "missing_lines": [27, 28, 29], "excluded_lines": []}, "SuperadminBypassAdminMixin.has_add_permission": {"executed_lines": [], "summary": {"covered_lines": 0, "num_statements": 3, "percent_covered": 0.0, "percent_covered_display": "0", "missing_lines": 3, "excluded_lines": 0}, "missing_lines": [32, 33, 34], "excluded_lines": []}, "SuperadminBypassAdminMixin.has_change_permission": {"executed_lines": [], "summary": {"covered_lines": 0, "num_statements": 3, "percent_covered": 0.0, "percent_covered_display": "0", "missing_lines": 3, "excluded_lines": 0}, "missing_lines": [37, 38, 39], "excluded_lines": []}, "SuperadminBypassAdminMixin.has_delete_permission": {"executed_lines": [], "summary": {"covered_lines": 0, "num_statements": 3, "percent_covered": 0.0, "percent_covered_display": "0", "missing_lines": 3, "excluded_lines": 0}, "missing_lines": [42, 43, 44], "excluded_lines": []}, "": {"executed_lines": [1, 5, 7, 10, 11, 13, 14, 21, 26, 31, 36, 41, 47, 48, 49, 53, 64, 65, 72, 73, 80, 82], "summary": {"covered_lines": 19, "num_statements": 19, "percent_covered": 100.0, "percent_covered_display": "100", "missing_lines": 0, "excluded_lines": 0}, "missing_lines": [], "excluded_lines": []}}, "classes": {"SuperadminBypassAdminMixin": {"executed_lines": [], "summary": {"covered_lines": 0, "num_statements": 16, "percent_covered": 0.0, "percent_covered_display": "0", "missing_lines": 16, "excluded_lines": 0}, "missing_lines": [15, 22, 23, 24, 27, 28, 29, 32, 33, 34, 37, 38, 39, 42, 43, 44], "excluded_lines": []}, "UserProfileAdmin": {"executed_lines": [], "summary": {"covered_lines": 0, "num_statements": 0, "percent_covered": 100.0, "percent_covered_display": "100", "missing_lines": 0, "excluded_lines": 0}, "missing_lines": [], "excluded_lines": []}, "": {"executed_lines": [1, 5, 7, 10, 11, 13, 14, 21, 26, 31, 36, 41, 47, 48, 49, 53, 64, 65, 72, 73, 80, 82], "summary": {"covered_lines": 19, "num_statements": 19, "percent_covered": 100.0, "percent_covered_display": "100", "missing_lines": 0, "excluded_lines": 0}, "missing_lines": [], "excluded_lines": []}}}, "apps/accounts/apps.py": {"executed_lines": [1, 4, 5, 6, 8, 11, 12, 13], "summary": {"covered_lines": 8, "num_statements": 8, "percent_covered": 100.0, "percent_covered_display": "100", "missing_lines": 0, "excluded_lines": 0}, "missing_lines": [], "excluded_lines": [], "functions": {"AccountsConfig.ready": {"executed_lines": [11, 12, 13], "summary": {"covered_lines": 3, "num_statements": 3, "percent_covered": 100.0, "percent_covered_display": "100", "missing_lines": 0, "excluded_lines": 0}, "missing_lines": [], "excluded_lines": []}, "": {"executed_lines": [1, 4, 5, 6, 8], "summary": {"covered_lines": 5, "num_statements": 5, "percent_covered": 100.0, "percent_covered_display": "100", "missing_lines": 0, "excluded_lines": 0}, "missing_lines": [], "excluded_lines": []}}, "classes": {"AccountsConfig": {"executed_lines": [11, 12, 13], "summary": {"covered_lines": 3, "num_statements": 3, "percent_covered": 100.0, "percent_covered_display": "100", "missing_lines": 0, "excluded_lines": 0}, "missing_lines": [], "excluded_lines": []}, "": {"executed_lines": [1, 4, 5, 6, 8], "summary": {"covered_lines": 5, "num_statements": 5, "percent_covered": 100.0, "percent_covered_display": "100", "missing_lines": 0, "excluded_lines": 0}, "missing_lines": [], "excluded_lines": []}}}, "apps/accounts/backends.py": {"executed_lines": [1, 5, 6, 7, 10, 11, 15, 16, 18, 21, 22, 23, 25, 27, 29, 30, 31], "summary": {"covered_lines": 15, "num_statements": 19, "percent_covered": 78.94736842105263, "percent_covered_display": "79", "missing_lines": 4, "excluded_lines": 0}, "missing_lines": [17, 19, 26, 28], "excluded_lines": [], "functions": {"EmailOrUsernameBackend.authenticate": {"executed_lines": [16, 18, 21, 22, 23, 25, 27, 29, 30, 31], "summary": {"covered_lines": 10, "num_statements": 14, "percent_covered": 71.42857142857143, "percent_covered_display": "71", "missing_lines": 4, "excluded_lines": 0}, "missing_lines": [17, 19, 26, 28], "excluded_lines": []}, "": {"executed_lines": [1, 5, 6, 7, 10, 11, 15], "summary": {"covered_lines": 5, "num_statements": 5, "percent_covered": 100.0, "percent_covered_display": "100", "missing_lines": 0, "excluded_lines": 0}, "missing_lines": [], "excluded_lines": []}}, "classes": {"EmailOrUsernameBackend": {"executed_lines": [16, 18, 21, 22, 23, 25, 27, 29, 30, 31], "summary": {"covered_lines": 10, "num_statements": 14, "percent_covered": 71.42857142857143, "percent_covered_display": "71", "missing_lines": 4, "excluded_lines": 0}, "missing_lines": [17, 19, 26, 28], "excluded_lines": []}, "": {"executed_lines": [1, 5, 6, 7, 10, 11, 15], "summary": {"covered_lines": 5, "num_statements": 5, "percent_covered": 100.0, "percent_covered_display": "100", "missing_lines": 0, "excluded_lines": 0}, "missing_lines": [], "excluded_lines": []}}}, "apps/accounts/forms.py": {"executed_lines": [1, 5, 6, 7, 8, 10, 11, 13, 15, 18, 23, 30, 31, 33, 42, 52, 59, 95, 103, 114, 125, 136, 147, 172, 173, 174, 175, 202, 203, 205, 206, 207, 208, 209, 210, 211, 212, 213, 214, 215, 217, 220, 222, 225, 226, 227, 228, 229, 230, 231, 232, 233, 235, 236, 242, 243, 248, 249, 250, 251, 252, 253, 254, 258, 259, 263, 269, 270, 271, 272, 273, 275, 276, 277, 278, 279, 280, 282, 283, 284, 285, 286, 289, 290, 294, 296, 297, 298, 300, 302, 303, 304, 306, 308, 309, 311, 312, 316, 317, 318, 320, 321, 322, 323, 324, 326, 328, 329, 332, 333, 334, 335, 336, 337, 339, 340, 341, 342, 344, 345, 346, 349, 350, 352, 355, 356, 358, 361, 362, 364, 373, 383, 387, 393, 396, 397, 398, 399], "summary": {"covered_lines": 135, "num_statements": 148, "percent_covered": 91.21621621621621, "percent_covered_display": "91", "missing_lines": 13, "excluded_lines": 0}, "missing_lines": [218, 221, 223, 237, 264, 299, 305, 347, 351, 353, 357, 388, 394], "excluded_lines": [], "functions": {"RegisterForm.clean": {"executed_lines": [203, 205, 206, 207, 208, 209, 210, 211, 212, 213, 214, 215, 217, 220, 222, 225, 226, 227, 228, 229, 230, 231, 232, 233, 235, 236, 242, 243, 248, 249, 250, 251, 252, 253, 254, 258, 259, 263, 269, 270, 271, 272, 273, 275, 276, 277, 278, 279, 280, 282, 283, 284, 285, 286, 289, 290, 294], "summary": {"covered_lines": 57, "num_statements": 62, "percent_covered": 91.93548387096774, "percent_covered_display": "92", "missing_lines": 5, "excluded_lines": 0}, "missing_lines": [218, 221, 223, 237, 264], "excluded_lines": []}, "RegisterForm.clean_username": {"executed_lines": [297, 298, 300], "summary": {"covered_lines": 3, "num_statements": 4, "percent_covered": 75.0, "percent_covered_display": "75", "missing_lines": 1, "excluded_lines": 0}, "missing_lines": [299], "excluded_lines": []}, "RegisterForm.clean_email": {"executed_lines": [303, 304, 306], "summary": {"covered_lines": 3, "num_statements": 4, "percent_covered": 75.0, "percent_covered_display": "75", "missing_lines": 1, "excluded_lines": 0}, "missing_lines": [305], "excluded_lines": []}, "RegisterForm.__init__": {"executed_lines": [309, 311, 312, 316, 317, 318, 320, 321, 322, 323, 324, 326, 328, 329, 332, 333, 334, 335, 336, 337, 339, 340, 341, 342], "summary": {"covered_lines": 24, "num_statements": 24, "percent_covered": 100.0, "percent_covered_display": "100", "missing_lines": 0, "excluded_lines": 0}, "missing_lines": [], "excluded_lines": []}, "RegisterForm._organization_matches_country": {"executed_lines": [346, 349, 350, 352, 355, 356, 358], "summary": {"covered_lines": 7, "num_statements": 11, "percent_covered": 63.63636363636363, "percent_covered_display": "64", "missing_lines": 4, "excluded_lines": 0}, "missing_lines": [347, 351, 353, 357], "excluded_lines": []}, "CustomLoginForm.confirm_login_allowed": {"executed_lines": [387, 393, 396, 397, 398, 399], "summary": {"covered_lines": 6, "num_statements": 8, "percent_covered": 75.0, "percent_covered_display": "75", "missing_lines": 2, "excluded_lines": 0}, "missing_lines": [388, 394], "excluded_lines": []}, "": {"executed_lines": [1, 5, 6, 7, 8, 10, 11, 13, 15, 18, 23, 30, 31, 33, 42, 52, 59, 95, 103, 114, 125, 136, 147, 172, 173, 174, 175, 202, 296, 302, 308, 344, 345, 361, 362, 364, 373, 383], "summary": {"covered_lines": 35, "num_statements": 35, "percent_covered": 100.0, "percent_covered_display": "100", "missing_lines": 0, "excluded_lines": 0}, "missing_lines": [], "excluded_lines": []}}, "classes": {"RegisterForm": {"executed_lines": [203, 205, 206, 207, 208, 209, 210, 211, 212, 213, 214, 215, 217, 220, 222, 225, 226, 227, 228, 229, 230, 231, 232, 233, 235, 236, 242, 243, 248, 249, 250, 251, 252, 253, 254, 258, 259, 263, 269, 270, 271, 272, 273, 275, 276, 277, 278, 279, 280, 282, 283, 284, 285, 286, 289, 290, 294, 297, 298, 300, 303, 304, 306, 309, 311, 312, 316, 317, 318, 320, 321, 322, 323, 324, 326, 328, 329, 332, 333, 334, 335, 336, 337, 339, 340, 341, 342, 346, 349, 350, 352, 355, 356, 358], "summary": {"covered_lines": 94, "num_statements": 105, "percent_covered": 89.52380952380952, "percent_covered_display": "90", "missing_lines": 11, "excluded_lines": 0}, "missing_lines": [218, 221, 223, 237, 264, 299, 305, 347, 351, 353, 357], "excluded_lines": []}, "RegisterForm.Meta": {"executed_lines": [], "summary": {"covered_lines": 0, "num_statements": 0, "percent_covered": 100.0, "percent_covered_display": "100", "missing_lines": 0, "excluded_lines": 0}, "missing_lines": [], "excluded_lines": []}, "CustomLoginForm": {"executed_lines": [387, 393, 396, 397, 398, 399], "summary": {"covered_lines": 6, "num_statements": 8, "percent_covered": 75.0, "percent_covered_display": "75", "missing_lines": 2, "excluded_lines": 0}, "missing_lines": [388, 394], "excluded_lines": []}, "": {"executed_lines": [1, 5, 6, 7, 8, 10, 11, 13, 15, 18, 23, 30, 31, 33, 42, 52, 59, 95, 103, 114, 125, 136, 147, 172, 173, 174, 175, 202, 296, 302, 308, 344, 345, 361, 362, 364, 373, 383], "summary": {"covered_lines": 35, "num_statements": 35, "percent_covered": 100.0, "percent_covered_display": "100", "missing_lines": 0, "excluded_lines": 0}, "missing_lines": [], "excluded_lines": []}}}, "apps/accounts/management/__init__.py": {"executed_lines": [0], "summary": {"covered_lines": 0, "num_statements": 0, "percent_covered": 100.0, "percent_covered_display": "100", "missing_lines": 0, "excluded_lines": 0}, "missing_lines": [], "excluded_lines": [], "functions": {"": {"executed_lines": [], "summary": {"covered_lines": 0, "num_statements": 0, "percent_covered": 100.0, "percent_covered_display": "100", "missing_lines": 0, "excluded_lines": 0}, "missing_lines": [], "excluded_lines": []}}, "classes": {"": {"executed_lines": [], "summary": {"covered_lines": 0, "num_statements": 0, "percent_covered": 100.0, "percent_covered_display": "100", "missing_lines": 0, "excluded_lines": 0}, "missing_lines": [], "excluded_lines": []}}}, "apps/accounts/management/commands/__init__.py": {"executed_lines": [], "summary": {"covered_lines": 0, "num_statements": 0, "percent_covered": 100.0, "percent_covered_display": "100", "missing_lines": 0, "excluded_lines": 0}, "missing_lines": [], "excluded_lines": [], "functions": {"": {"executed_lines": [], "summary": {"covered_lines": 0, "num_statements": 0, "percent_covered": 100.0, "percent_covered_display": "100", "missing_lines": 0, "excluded_lines": 0}, "missing_lines": [], "excluded_lines": []}}, "classes": {"": {"executed_lines": [], "summary": {"covered_lines": 0, "num_statements": 0, "percent_covered": 100.0, "percent_covered_display": "100", "missing_lines": 0, "excluded_lines": 0}, "missing_lines": [], "excluded_lines": []}}}, "apps/accounts/management/commands/create_roles.py": {"executed_lines": [], "summary": {"covered_lines": 0, "num_statements": 25, "percent_covered": 0.0, "percent_covered_display": "0", "missing_lines": 25, "excluded_lines": 0}, "missing_lines": [6, 7, 9, 12, 13, 15, 19, 22, 23, 24, 27, 29, 30, 32, 33, 34, 35, 36, 38, 39, 41, 42, 43, 44, 45], "excluded_lines": [], "functions": {"Command.handle": {"executed_lines": [], "summary": {"covered_lines": 0, "num_statements": 19, "percent_covered": 0.0, "percent_covered_display": "0", "missing_lines": 19, "excluded_lines": 0}, "missing_lines": [19, 22, 23, 24, 27, 29, 30, 32, 33, 34, 35, 36, 38, 39, 41, 42, 43, 44, 45], "excluded_lines": []}, "": {"executed_lines": [], "summary": {"covered_lines": 0, "num_statements": 6, "percent_covered": 0.0, "percent_covered_display": "0", "missing_lines": 6, "excluded_lines": 0}, "missing_lines": [6, 7, 9, 12, 13, 15], "excluded_lines": []}}, "classes": {"Command": {"executed_lines": [], "summary": {"covered_lines": 0, "num_statements": 19, "percent_covered": 0.0, "percent_covered_display": "0", "missing_lines": 19, "excluded_lines": 0}, "missing_lines": [19, 22, 23, 24, 27, 29, 30, 32, 33, 34, 35, 36, 38, 39, 41, 42, 43, 44, 45], "excluded_lines": []}, "": {"executed_lines": [], "summary": {"covered_lines": 0, "num_statements": 6, "percent_covered": 0.0, "percent_covered_display": "0", "missing_lines": 6, "excluded_lines": 0}, "missing_lines": [6, 7, 9, 12, 13, 15], "excluded_lines": []}}}, "apps/accounts/middleware.py": {"executed_lines": [1, 5, 7, 8, 9, 10, 11, 14, 15, 20, 25, 50, 51, 55, 56, 58, 59, 60, 61, 63, 72], "summary": {"covered_lines": 18, "num_statements": 35, "percent_covered": 51.42857142857143, "percent_covered_display": "51", "missing_lines": 17, "excluded_lines": 0}, "missing_lines": [21, 23, 26, 28, 30, 32, 33, 36, 37, 39, 44, 46, 47, 64, 65, 66, 70], "excluded_lines": [], "functions": {"SessionTimeoutMiddleware.__init__": {"executed_lines": [], "summary": {"covered_lines": 0, "num_statements": 2, "percent_covered": 0.0, "percent_covered_display": "0", "missing_lines": 2, "excluded_lines": 0}, "missing_lines": [21, 23], "excluded_lines": []}, "SessionTimeoutMiddleware.__call__": {"executed_lines": [], "summary": {"covered_lines": 0, "num_statements": 11, "percent_covered": 0.0, "percent_covered_display": "0", "missing_lines": 11, "excluded_lines": 0}, "missing_lines": [26, 28, 30, 32, 33, 36, 37, 39, 44, 46, 47], "excluded_lines": []}, "SuspendedOrganizationMiddleware.__init__": {"executed_lines": [56], "summary": {"covered_lines": 1, "num_statements": 1, "percent_covered": 100.0, "percent_covered_display": "100", "missing_lines": 0, "excluded_lines": 0}, "missing_lines": [], "excluded_lines": []}, "SuspendedOrganizationMiddleware.__call__": {"executed_lines": [59, 60, 61, 63, 72], "summary": {"covered_lines": 5, "num_statements": 9, "percent_covered": 55.55555555555556, "percent_covered_display": "56", "missing_lines": 4, "excluded_lines": 0}, "missing_lines": [64, 65, 66, 70], "excluded_lines": []}, "": {"executed_lines": [1, 5, 7, 8, 9, 10, 11, 14, 15, 20, 25, 50, 51, 55, 58], "summary": {"covered_lines": 12, "num_statements": 12, "percent_covered": 100.0, "percent_covered_display": "100", "missing_lines": 0, "excluded_lines": 0}, "missing_lines": [], "excluded_lines": []}}, "classes": {"SessionTimeoutMiddleware": {"executed_lines": [], "summary": {"covered_lines": 0, "num_statements": 13, "percent_covered": 0.0, "percent_covered_display": "0", "missing_lines": 13, "excluded_lines": 0}, "missing_lines": [21, 23, 26, 28, 30, 32, 33, 36, 37, 39, 44, 46, 47], "excluded_lines": []}, "SuspendedOrganizationMiddleware": {"executed_lines": [56, 59, 60, 61, 63, 72], "summary": {"covered_lines": 6, "num_statements": 10, "percent_covered": 60.0, "percent_covered_display": "60", "missing_lines": 4, "excluded_lines": 0}, "missing_lines": [64, 65, 66, 70], "excluded_lines": []}, "": {"executed_lines": [1, 5, 7, 8, 9, 10, 11, 14, 15, 20, 25, 50, 51, 55, 58], "summary": {"covered_lines": 12, "num_statements": 12, "percent_covered": 100.0, "percent_covered_display": "100", "missing_lines": 0, "excluded_lines": 0}, "missing_lines": [], "excluded_lines": []}}}, "apps/accounts/migrations/0001_initial.py": {"executed_lines": [3, 4, 5, 8, 10, 12, 16], "summary": {"covered_lines": 7, "num_statements": 7, "percent_covered": 100.0, "percent_covered_display": "100", "missing_lines": 0, "excluded_lines": 0}, "missing_lines": [], "excluded_lines": [], "functions": {"": {"executed_lines": [3, 4, 5, 8, 10, 12, 16], "summary": {"covered_lines": 7, "num_statements": 7, "percent_covered": 100.0, "percent_covered_display": "100", "missing_lines": 0, "excluded_lines": 0}, "missing_lines": [], "excluded_lines": []}}, "classes": {"Migration": {"executed_lines": [], "summary": {"covered_lines": 0, "num_statements": 0, "percent_covered": 100.0, "percent_covered_display": "100", "missing_lines": 0, "excluded_lines": 0}, "missing_lines": [], "excluded_lines": []}, "": {"executed_lines": [3, 4, 5, 8, 10, 12, 16], "summary": {"covered_lines": 7, "num_statements": 7, "percent_covered": 100.0, "percent_covered_display": "100", "missing_lines": 0, "excluded_lines": 0}, "missing_lines": [], "excluded_lines": []}}}, "apps/accounts/migrations/0002_userprofile_organization_and_more.py": {"executed_lines": [3, 4, 5, 8, 10, 16], "summary": {"covered_lines": 6, "num_statements": 6, "percent_covered": 100.0, "percent_covered_display": "100", "missing_lines": 0, "excluded_lines": 0}, "missing_lines": [], "excluded_lines": [], "functions": {"": {"executed_lines": [3, 4, 5, 8, 10, 16], "summary": {"covered_lines": 6, "num_statements": 6, "percent_covered": 100.0, "percent_covered_display": "100", "missing_lines": 0, "excluded_lines": 0}, "missing_lines": [], "excluded_lines": []}}, "classes": {"Migration": {"executed_lines": [], "summary": {"covered_lines": 0, "num_statements": 0, "percent_covered": 100.0, "percent_covered_display": "100", "missing_lines": 0, "excluded_lines": 0}, "missing_lines": [], "excluded_lines": []}, "": {"executed_lines": [3, 4, 5, 8, 10, 16], "summary": {"covered_lines": 6, "num_statements": 6, "percent_covered": 100.0, "percent_covered_display": "100", "missing_lines": 0, "excluded_lines": 0}, "missing_lines": [], "excluded_lines": []}}}, "apps/accounts/migrations/0003_userprofile_country.py": {"executed_lines": [3, 6, 8, 12], "summary": {"covered_lines": 4, "num_statements": 4, "percent_covered": 100.0, "percent_covered_display": "100", "missing_lines": 0, "excluded_lines": 0}, "missing_lines": [], "excluded_lines": [], "functions": {"": {"executed_lines": [3, 6, 8, 12], "summary": {"covered_lines": 4, "num_statements": 4, "percent_covered": 100.0, "percent_covered_display": "100", "missing_lines": 0, "excluded_lines": 0}, "missing_lines": [], "excluded_lines": []}}, "classes": {"Migration": {"executed_lines": [], "summary": {"covered_lines": 0, "num_statements": 0, "percent_covered": 100.0, "percent_covered_display": "100", "missing_lines": 0, "excluded_lines": 0}, "missing_lines": [], "excluded_lines": []}, "": {"executed_lines": [3, 6, 8, 12], "summary": {"covered_lines": 4, "num_statements": 4, "percent_covered": 100.0, "percent_covered_display": "100", "missing_lines": 0, "excluded_lines": 0}, "missing_lines": [], "excluded_lines": []}}}, "apps/accounts/migrations/0004_add_role_field.py": {"executed_lines": [3, 4, 7, 9, 15], "summary": {"covered_lines": 5, "num_statements": 5, "percent_covered": 100.0, "percent_covered_display": "100", "missing_lines": 0, "excluded_lines": 0}, "missing_lines": [], "excluded_lines": [], "functions": {"": {"executed_lines": [3, 4, 7, 9, 15], "summary": {"covered_lines": 5, "num_statements": 5, "percent_covered": 100.0, "percent_covered_display": "100", "missing_lines": 0, "excluded_lines": 0}, "missing_lines": [], "excluded_lines": []}}, "classes": {"Migration": {"executed_lines": [], "summary": {"covered_lines": 0, "num_statements": 0, "percent_covered": 100.0, "percent_covered_display": "100", "missing_lines": 0, "excluded_lines": 0}, "missing_lines": [], "excluded_lines": []}, "": {"executed_lines": [3, 4, 7, 9, 15], "summary": {"covered_lines": 5, "num_statements": 5, "percent_covered": 100.0, "percent_covered_display": "100", "missing_lines": 0, "excluded_lines": 0}, "missing_lines": [], "excluded_lines": []}}}, "apps/accounts/migrations/0005_userprofile_student_references_and_hr_role.py": {"executed_lines": [3, 6, 8, 12], "summary": {"covered_lines": 4, "num_statements": 4, "percent_covered": 100.0, "percent_covered_display": "100", "missing_lines": 0, "excluded_lines": 0}, "missing_lines": [], "excluded_lines": [], "functions": {"": {"executed_lines": [3, 6, 8, 12], "summary": {"covered_lines": 4, "num_statements": 4, "percent_covered": 100.0, "percent_covered_display": "100", "missing_lines": 0, "excluded_lines": 0}, "missing_lines": [], "excluded_lines": []}}, "classes": {"Migration": {"executed_lines": [], "summary": {"covered_lines": 0, "num_statements": 0, "percent_covered": 100.0, "percent_covered_display": "100", "missing_lines": 0, "excluded_lines": 0}, "missing_lines": [], "excluded_lines": []}, "": {"executed_lines": [3, 6, 8, 12], "summary": {"covered_lines": 4, "num_statements": 4, "percent_covered": 100.0, "percent_covered_display": "100", "missing_lines": 0, "excluded_lines": 0}, "missing_lines": [], "excluded_lines": []}}}, "apps/accounts/migrations/0006_userprofile_requested_organization_and_more.py": {"executed_lines": [3, 4, 5, 8, 10, 16], "summary": {"covered_lines": 6, "num_statements": 6, "percent_covered": 100.0, "percent_covered_display": "100", "missing_lines": 0, "excluded_lines": 0}, "missing_lines": [], "excluded_lines": [], "functions": {"": {"executed_lines": [3, 4, 5, 8, 10, 16], "summary": {"covered_lines": 6, "num_statements": 6, "percent_covered": 100.0, "percent_covered_display": "100", "missing_lines": 0, "excluded_lines": 0}, "missing_lines": [], "excluded_lines": []}}, "classes": {"Migration": {"executed_lines": [], "summary": {"covered_lines": 0, "num_statements": 0, "percent_covered": 100.0, "percent_covered_display": "100", "missing_lines": 0, "excluded_lines": 0}, "missing_lines": [], "excluded_lines": []}, "": {"executed_lines": [3, 4, 5, 8, 10, 16], "summary": {"covered_lines": 6, "num_statements": 6, "percent_covered": 100.0, "percent_covered_display": "100", "missing_lines": 0, "excluded_lines": 0}, "missing_lines": [], "excluded_lines": []}}}, "apps/accounts/migrations/0007_alter_userprofile_organization_type.py": {"executed_lines": [3, 6, 8, 12], "summary": {"covered_lines": 4, "num_statements": 4, "percent_covered": 100.0, "percent_covered_display": "100", "missing_lines": 0, "excluded_lines": 0}, "missing_lines": [], "excluded_lines": [], "functions": {"": {"executed_lines": [3, 6, 8, 12], "summary": {"covered_lines": 4, "num_statements": 4, "percent_covered": 100.0, "percent_covered_display": "100", "missing_lines": 0, "excluded_lines": 0}, "missing_lines": [], "excluded_lines": []}}, "classes": {"Migration": {"executed_lines": [], "summary": {"covered_lines": 0, "num_statements": 0, "percent_covered": 100.0, "percent_covered_display": "100", "missing_lines": 0, "excluded_lines": 0}, "missing_lines": [], "excluded_lines": []}, "": {"executed_lines": [3, 6, 8, 12], "summary": {"covered_lines": 4, "num_statements": 4, "percent_covered": 100.0, "percent_covered_display": "100", "missing_lines": 0, "excluded_lines": 0}, "missing_lines": [], "excluded_lines": []}}}, "apps/accounts/migrations/0008_userprofile_requested_organization_message.py": {"executed_lines": [3, 6, 8, 12], "summary": {"covered_lines": 4, "num_statements": 4, "percent_covered": 100.0, "percent_covered_display": "100", "missing_lines": 0, "excluded_lines": 0}, "missing_lines": [], "excluded_lines": [], "functions": {"": {"executed_lines": [3, 6, 8, 12], "summary": {"covered_lines": 4, "num_statements": 4, "percent_covered": 100.0, "percent_covered_display": "100", "missing_lines": 0, "excluded_lines": 0}, "missing_lines": [], "excluded_lines": []}}, "classes": {"Migration": {"executed_lines": [], "summary": {"covered_lines": 0, "num_statements": 0, "percent_covered": 100.0, "percent_covered_display": "100", "missing_lines": 0, "excluded_lines": 0}, "missing_lines": [], "excluded_lines": []}, "": {"executed_lines": [3, 6, 8, 12], "summary": {"covered_lines": 4, "num_statements": 4, "percent_covered": 100.0, "percent_covered_display": "100", "missing_lines": 0, "excluded_lines": 0}, "missing_lines": [], "excluded_lines": []}}}, "apps/accounts/migrations/__init__.py": {"executed_lines": [0], "summary": {"covered_lines": 0, "num_statements": 0, "percent_covered": 100.0, "percent_covered_display": "100", "missing_lines": 0, "excluded_lines": 0}, "missing_lines": [], "excluded_lines": [], "functions": {"": {"executed_lines": [], "summary": {"covered_lines": 0, "num_statements": 0, "percent_covered": 100.0, "percent_covered_display": "100", "missing_lines": 0, "excluded_lines": 0}, "missing_lines": [], "excluded_lines": []}}, "classes": {"": {"executed_lines": [], "summary": {"covered_lines": 0, "num_statements": 0, "percent_covered": 100.0, "percent_covered_display": "100", "missing_lines": 0, "excluded_lines": 0}, "missing_lines": [], "excluded_lines": []}}}, "apps/accounts/models.py": {"executed_lines": [1, 6, 7, 9, 12, 13, 15, 16, 17, 18, 19, 20, 21, 22, 23, 25, 38, 51, 52, 57, 60, 70, 80, 88, 96, 104, 106, 114, 123, 132, 140, 142, 144, 151, 153, 154, 156, 157, 158, 159, 160, 166, 169, 170, 172, 173, 174, 176, 177, 179], "summary": {"covered_lines": 47, "num_statements": 48, "percent_covered": 97.91666666666667, "percent_covered_display": "98", "missing_lines": 1, "excluded_lines": 0}, "missing_lines": [167], "excluded_lines": [], "functions": {"UserProfile.__str__": {"executed_lines": [], "summary": {"covered_lines": 0, "num_statements": 1, "percent_covered": 0.0, "percent_covered_display": "0", "missing_lines": 1, "excluded_lines": 0}, "missing_lines": [167], "excluded_lines": []}, "UserProfile.organization_name": {"executed_lines": [172, 173, 174], "summary": {"covered_lines": 3, "num_statements": 3, "percent_covered": 100.0, "percent_covered_display": "100", "missing_lines": 0, "excluded_lines": 0}, "missing_lines": [], "excluded_lines": []}, "UserProfile.role_level": {"executed_lines": [179], "summary": {"covered_lines": 1, "num_statements": 1, "percent_covered": 100.0, "percent_covered_display": "100", "missing_lines": 0, "excluded_lines": 0}, "missing_lines": [], "excluded_lines": []}, "": {"executed_lines": [1, 6, 7, 9, 12, 13, 15, 16, 17, 18, 19, 20, 21, 22, 23, 25, 38, 51, 52, 57, 60, 70, 80, 88, 96, 104, 106, 114, 123, 132, 140, 142, 144, 151, 153, 154, 156, 157, 158, 159, 160, 166, 169, 170, 176, 177], "summary": {"covered_lines": 43, "num_statements": 43, "percent_covered": 100.0, "percent_covered_display": "100", "missing_lines": 0, "excluded_lines": 0}, "missing_lines": [], "excluded_lines": []}}, "classes": {"ProfileRole": {"executed_lines": [], "summary": {"covered_lines": 0, "num_statements": 0, "percent_covered": 100.0, "percent_covered_display": "100", "missing_lines": 0, "excluded_lines": 0}, "missing_lines": [], "excluded_lines": []}, "UserProfile": {"executed_lines": [172, 173, 174, 179], "summary": {"covered_lines": 4, "num_statements": 5, "percent_covered": 80.0, "percent_covered_display": "80", "missing_lines": 1, "excluded_lines": 0}, "missing_lines": [167], "excluded_lines": []}, "UserProfile.Meta": {"executed_lines": [], "summary": {"covered_lines": 0, "num_statements": 0, "percent_covered": 100.0, "percent_covered_display": "100", "missing_lines": 0, "excluded_lines": 0}, "missing_lines": [], "excluded_lines": []}, "": {"executed_lines": [1, 6, 7, 9, 12, 13, 15, 16, 17, 18, 19, 20, 21, 22, 23, 25, 38, 51, 52, 57, 60, 70, 80, 88, 96, 104, 106, 114, 123, 132, 140, 142, 144, 151, 153, 154, 156, 157, 158, 159, 160, 166, 169, 170, 176, 177], "summary": {"covered_lines": 43, "num_statements": 43, "percent_covered": 100.0, "percent_covered_display": "100", "missing_lines": 0, "excluded_lines": 0}, "missing_lines": [], "excluded_lines": []}}}, "apps/accounts/roles.py": {"executed_lines": [1, 7, 8, 10, 12, 15, 17, 18, 23, 25, 26, 27, 31, 33, 34, 35, 39, 41, 44, 46, 48, 49, 50, 51, 52, 53, 54, 55, 56, 59, 61, 64, 66, 67, 68, 69, 72, 74, 75, 76, 79, 88, 91, 92, 93, 96, 104, 107, 108, 109, 112, 120, 122, 126, 127, 128, 129, 132, 133, 134, 135, 136, 137, 138, 142, 145, 146, 149, 150, 151, 152, 155, 158, 159, 160, 161, 162, 163, 166, 167, 168, 169, 172, 173, 174, 175, 176, 177], "summary": {"covered_lines": 87, "num_statements": 104, "percent_covered": 83.65384615384616, "percent_covered_display": "84", "missing_lines": 17, "excluded_lines": 0}, "missing_lines": [19, 20, 28, 36, 47, 62, 81, 82, 83, 84, 85, 99, 100, 101, 115, 116, 117], "excluded_lines": [], "functions": {"_get_profile_safe": {"executed_lines": [17, 18], "summary": {"covered_lines": 2, "num_statements": 4, "percent_covered": 50.0, "percent_covered_display": "50", "missing_lines": 2, "excluded_lines": 0}, "missing_lines": [19, 20], "excluded_lines": []}, "_get_profile_role": {"executed_lines": [25, 26, 27], "summary": {"covered_lines": 3, "num_statements": 4, "percent_covered": 75.0, "percent_covered_display": "75", "missing_lines": 1, "excluded_lines": 0}, "missing_lines": [28], "excluded_lines": []}, "_get_profile_role_level": {"executed_lines": [33, 34, 35], "summary": {"covered_lines": 3, "num_statements": 4, "percent_covered": 75.0, "percent_covered_display": "75", "missing_lines": 1, "excluded_lines": 0}, "missing_lines": [36], "excluded_lines": []}, "_has_group": {"executed_lines": [41], "summary": {"covered_lines": 1, "num_statements": 1, "percent_covered": 100.0, "percent_covered_display": "100", "missing_lines": 0, "excluded_lines": 0}, "missing_lines": [], "excluded_lines": []}, "_get_all_roles": {"executed_lines": [46, 48, 49, 50, 51, 52, 53, 54, 55, 56], "summary": {"covered_lines": 10, "num_statements": 11, "percent_covered": 90.9090909090909, "percent_covered_display": "91", "missing_lines": 1, "excluded_lines": 0}, "missing_lines": [47], "excluded_lines": []}, "_highest_role_level": {"executed_lines": [61, 64, 66, 67, 68, 69], "summary": {"covered_lines": 6, "num_statements": 7, "percent_covered": 85.71428571428571, "percent_covered_display": "86", "missing_lines": 1, "excluded_lines": 0}, "missing_lines": [62], "excluded_lines": []}, "_has_role": {"executed_lines": [74, 75, 76], "summary": {"covered_lines": 3, "num_statements": 3, "percent_covered": 100.0, "percent_covered_display": "100", "missing_lines": 0, "excluded_lines": 0}, "missing_lines": [], "excluded_lines": []}, "_can_assign_role": {"executed_lines": [], "summary": {"covered_lines": 0, "num_statements": 5, "percent_covered": 0.0, "percent_covered_display": "0", "missing_lines": 5, "excluded_lines": 0}, "missing_lines": [81, 82, 83, 84, 85], "excluded_lines": []}, "_is_teacher_or_above": {"executed_lines": [91, 92, 93], "summary": {"covered_lines": 3, "num_statements": 3, "percent_covered": 100.0, "percent_covered_display": "100", "missing_lines": 0, "excluded_lines": 0}, "missing_lines": [], "excluded_lines": []}, "_is_moderator_or_above": {"executed_lines": [], "summary": {"covered_lines": 0, "num_statements": 3, "percent_covered": 0.0, "percent_covered_display": "0", "missing_lines": 3, "excluded_lines": 0}, "missing_lines": [99, 100, 101], "excluded_lines": []}, "_is_admin_level": {"executed_lines": [107, 108, 109], "summary": {"covered_lines": 3, "num_statements": 3, "percent_covered": 100.0, "percent_covered_display": "100", "missing_lines": 0, "excluded_lines": 0}, "missing_lines": [], "excluded_lines": []}, "_is_top_admin": {"executed_lines": [], "summary": {"covered_lines": 0, "num_statements": 3, "percent_covered": 0.0, "percent_covered_display": "0", "missing_lines": 3, "excluded_lines": 0}, "missing_lines": [115, 116, 117], "excluded_lines": []}, "_is_role": {"executed_lines": [122], "summary": {"covered_lines": 1, "num_statements": 1, "percent_covered": 100.0, "percent_covered_display": "100", "missing_lines": 0, "excluded_lines": 0}, "missing_lines": [], "excluded_lines": []}, "": {"executed_lines": [1, 7, 8, 10, 12, 15, 23, 31, 39, 44, 59, 72, 79, 88, 96, 104, 112, 120, 126, 127, 128, 129, 132, 133, 134, 135, 136, 137, 138, 142, 145, 146, 149, 150, 151, 152, 155, 158, 159, 160, 161, 162, 163, 166, 167, 168, 169, 172, 173, 174, 175, 176, 177], "summary": {"covered_lines": 52, "num_statements": 52, "percent_covered": 100.0, "percent_covered_display": "100", "missing_lines": 0, "excluded_lines": 0}, "missing_lines": [], "excluded_lines": []}}, "classes": {"": {"executed_lines": [1, 7, 8, 10, 12, 15, 17, 18, 23, 25, 26, 27, 31, 33, 34, 35, 39, 41, 44, 46, 48, 49, 50, 51, 52, 53, 54, 55, 56, 59, 61, 64, 66, 67, 68, 69, 72, 74, 75, 76, 79, 88, 91, 92, 93, 96, 104, 107, 108, 109, 112, 120, 122, 126, 127, 128, 129, 132, 133, 134, 135, 136, 137, 138, 142, 145, 146, 149, 150, 151, 152, 155, 158, 159, 160, 161, 162, 163, 166, 167, 168, 169, 172, 173, 174, 175, 176, 177], "summary": {"covered_lines": 87, "num_statements": 104, "percent_covered": 83.65384615384616, "percent_covered_display": "84", "missing_lines": 17, "excluded_lines": 0}, "missing_lines": [19, 20, 28, 36, 47, 62, 81, 82, 83, 84, 85, 99, 100, 101, 115, 116, 117], "excluded_lines": []}}}, "apps/accounts/selectors.py": {"executed_lines": [], "summary": {"covered_lines": 0, "num_statements": 0, "percent_covered": 100.0, "percent_covered_display": "100", "missing_lines": 0, "excluded_lines": 0}, "missing_lines": [], "excluded_lines": [], "functions": {"": {"executed_lines": [], "summary": {"covered_lines": 0, "num_statements": 0, "percent_covered": 100.0, "percent_covered_display": "100", "missing_lines": 0, "excluded_lines": 0}, "missing_lines": [], "excluded_lines": []}}, "classes": {"": {"executed_lines": [], "summary": {"covered_lines": 0, "num_statements": 0, "percent_covered": 100.0, "percent_covered_display": "100", "missing_lines": 0, "excluded_lines": 0}, "missing_lines": [], "excluded_lines": []}}}, "apps/accounts/services.py": {"executed_lines": [], "summary": {"covered_lines": 0, "num_statements": 0, "percent_covered": 100.0, "percent_covered_display": "100", "missing_lines": 0, "excluded_lines": 0}, "missing_lines": [], "excluded_lines": [], "functions": {"": {"executed_lines": [], "summary": {"covered_lines": 0, "num_statements": 0, "percent_covered": 100.0, "percent_covered_display": "100", "missing_lines": 0, "excluded_lines": 0}, "missing_lines": [], "excluded_lines": []}}, "classes": {"": {"executed_lines": [], "summary": {"covered_lines": 0, "num_statements": 0, "percent_covered": 100.0, "percent_covered_display": "100", "missing_lines": 0, "excluded_lines": 0}, "missing_lines": [], "excluded_lines": []}}}, "apps/accounts/signals.py": {"executed_lines": [1, 6, 7, 8, 9, 11, 14, 15, 20, 21, 23, 25, 26, 29, 30, 34, 36, 38, 41, 42, 47, 49, 50, 53], "summary": {"covered_lines": 23, "num_statements": 23, "percent_covered": 100.0, "percent_covered_display": "100", "missing_lines": 0, "excluded_lines": 0}, "missing_lines": [], "excluded_lines": [], "functions": {"create_default_groups": {"executed_lines": [20, 21, 23, 25, 26], "summary": {"covered_lines": 5, "num_statements": 5, "percent_covered": 100.0, "percent_covered_display": "100", "missing_lines": 0, "excluded_lines": 0}, "missing_lines": [], "excluded_lines": []}, "create_user_profile": {"executed_lines": [34, 36, 38], "summary": {"covered_lines": 3, "num_statements": 3, "percent_covered": 100.0, "percent_covered_display": "100", "missing_lines": 0, "excluded_lines": 0}, "missing_lines": [], "excluded_lines": []}, "save_user_profile": {"executed_lines": [47, 49, 50, 53], "summary": {"covered_lines": 4, "num_statements": 4, "percent_covered": 100.0, "percent_covered_display": "100", "missing_lines": 0, "excluded_lines": 0}, "missing_lines": [], "excluded_lines": []}, "": {"executed_lines": [1, 6, 7, 8, 9, 11, 14, 15, 29, 30, 41, 42], "summary": {"covered_lines": 11, "num_statements": 11, "percent_covered": 100.0, "percent_covered_display": "100", "missing_lines": 0, "excluded_lines": 0}, "missing_lines": [], "excluded_lines": []}}, "classes": {"": {"executed_lines": [1, 6, 7, 8, 9, 11, 14, 15, 20, 21, 23, 25, 26, 29, 30, 34, 36, 38, 41, 42, 47, 49, 50, 53], "summary": {"covered_lines": 23, "num_statements": 23, "percent_covered": 100.0, "percent_covered_display": "100", "missing_lines": 0, "excluded_lines": 0}, "missing_lines": [], "excluded_lines": []}}}, "apps/accounts/tests/__init__.py": {"executed_lines": [0], "summary": {"covered_lines": 0, "num_statements": 0, "percent_covered": 100.0, "percent_covered_display": "100", "missing_lines": 0, "excluded_lines": 0}, "missing_lines": [], "excluded_lines": [], "functions": {"": {"executed_lines": [], "summary": {"covered_lines": 0, "num_statements": 0, "percent_covered": 100.0, "percent_covered_display": "100", "missing_lines": 0, "excluded_lines": 0}, "missing_lines": [], "excluded_lines": []}}, "classes": {"": {"executed_lines": [], "summary": {"covered_lines": 0, "num_statements": 0, "percent_covered": 100.0, "percent_covered_display": "100", "missing_lines": 0, "excluded_lines": 0}, "missing_lines": [], "excluded_lines": []}}}, "apps/accounts/tests/test_auth_tenant_flows.py": {"executed_lines": [1, 5, 6, 7, 9, 10, 11, 12, 13, 14, 16, 19, 20, 21, 22, 23, 24, 25, 27, 28, 44, 45, 47, 48, 49, 50, 51, 52, 53, 55, 56, 57, 59, 60, 61, 62, 63, 66, 67, 70, 72, 73, 74, 75, 76, 77, 78, 79, 83, 84, 85, 86, 87, 88, 90, 91, 92, 93, 95, 96, 107, 109, 110, 111, 112, 113, 114, 115, 116, 117, 118, 119, 121, 122, 134, 135, 136, 137, 138, 139, 140, 142, 143, 151, 152, 153, 155, 156, 165, 166, 168, 169, 176, 177, 178, 179, 180, 181, 183, 184, 189, 198, 205, 206, 208, 209, 214, 223, 230, 231, 233, 234, 239, 248, 257, 259, 260, 261, 262, 263, 264, 266, 268, 269, 270, 271, 272, 273, 275, 276, 277, 278, 281, 282, 283, 285, 286, 293, 300, 301, 302, 303, 304, 306, 307, 322, 323, 325, 326, 328, 329, 335, 342, 343, 344, 345, 346, 348, 353, 354, 355, 357, 358, 363, 368, 376, 378, 386, 387, 388, 389, 390, 392, 399, 400, 401, 402, 405, 406, 407, 409, 414, 419, 424, 429, 435, 442, 450, 451, 452, 453, 454, 456, 463, 470, 478, 479, 480, 481, 482, 484, 485, 486, 487, 488, 490, 491, 492, 493, 494, 496, 497, 498, 499, 500, 501, 502, 504, 505, 506, 507, 508, 509, 510, 512, 514, 515, 516, 524, 525, 526, 527, 535, 536, 537, 538, 539, 540, 541, 543, 551, 553, 554, 555, 564, 565, 566, 568, 569, 580, 581, 582, 583, 584, 586, 587, 598, 599, 600, 602, 613, 614, 615, 616, 618, 619, 621, 622, 630, 631, 638, 639, 640, 641, 642, 643, 645, 646, 654, 655, 656, 658, 659, 664, 673, 680, 681, 682, 683, 684, 686, 687, 695, 696, 697, 699, 700, 705, 714, 722, 727, 736, 743, 744, 745, 746, 747, 749, 750, 758, 759, 760, 762, 763, 768, 769, 770, 771, 772, 774, 775, 776, 777, 779, 787, 788, 789, 791, 792, 793, 794, 796, 797, 798, 799, 800, 801, 802, 803, 804, 805, 806, 807, 809, 810, 811, 812, 813, 814, 815, 816, 818, 819, 820, 821, 822, 823, 824, 825, 826, 827, 828, 830, 839, 840, 841, 842, 844, 853, 854, 855, 857, 858, 859, 860, 862, 867, 868, 869, 870, 871, 872, 873, 874, 876, 877, 878, 879, 880, 881, 882, 883, 884, 886, 894, 896, 897, 898, 899, 900, 908, 909, 910, 911, 912, 913, 914, 915, 917, 925, 926, 935, 944, 946, 947, 948, 949, 950, 951, 959, 960, 961, 962, 964, 965, 970, 975, 976, 977, 978, 979, 980, 981, 982, 983, 985, 993, 994, 1004, 1005, 1010, 1016, 1017, 1018, 1019, 1020, 1021, 1022, 1023, 1024, 1025, 1035, 1043, 1044, 1052, 1053, 1054, 1055, 1056, 1057, 1058, 1059, 1060, 1061, 1062, 1064, 1065, 1066, 1067, 1068, 1069, 1070, 1071, 1073, 1081, 1083, 1089, 1090, 1097, 1098, 1099, 1101, 1102, 1110, 1111, 1112, 1113, 1122, 1129, 1130, 1131, 1132, 1140, 1141, 1146, 1147, 1148, 1149, 1150, 1151, 1152, 1153, 1155, 1156, 1165, 1166, 1167, 1168, 1169, 1171, 1172, 1173, 1174, 1176, 1177, 1182, 1183, 1184, 1185, 1186, 1188, 1189, 1199, 1200, 1201, 1202, 1204, 1205, 1210, 1211, 1212, 1213, 1214, 1215, 1216, 1217, 1219, 1220, 1229, 1231, 1240, 1242, 1243, 1244, 1245, 1246, 1247, 1248, 1255, 1257, 1258, 1263, 1264, 1265, 1266, 1267, 1268, 1269, 1270, 1272, 1273, 1282, 1292, 1293, 1301, 1303, 1304, 1306, 1310, 1314, 1315, 1316, 1318, 1323, 1324, 1331, 1332, 1333, 1334, 1335, 1337, 1338, 1339, 1340, 1341, 1342, 1343, 1345, 1346, 1351, 1358, 1359, 1360, 1361, 1362, 1364, 1365, 1366, 1368, 1369, 1374, 1381, 1382, 1383, 1384, 1385, 1387, 1388, 1396, 1397, 1398, 1399, 1401, 1402, 1407, 1416, 1423, 1424, 1425, 1426, 1427, 1429, 1430, 1438, 1440, 1449, 1450, 1451, 1452, 1458, 1459, 1467, 1468, 1469, 1470, 1471, 1472, 1474, 1475, 1480, 1487, 1488, 1489, 1490, 1491, 1493, 1494, 1502, 1503, 1512, 1513, 1518, 1527, 1534, 1535, 1536, 1537, 1538, 1540, 1541, 1550, 1551, 1552, 1560, 1561, 1566, 1575, 1584, 1591, 1592, 1593, 1594, 1595, 1597, 1598, 1607, 1608, 1609, 1610, 1612, 1613, 1618, 1627, 1636, 1643, 1644, 1645, 1646, 1647, 1649, 1650, 1659, 1660, 1661, 1663, 1672, 1673, 1674, 1676, 1677, 1686, 1687, 1688, 1690, 1698, 1700, 1701, 1706, 1707, 1708, 1709, 1710, 1712, 1713, 1714, 1715, 1716, 1724, 1725, 1735, 1744, 1745, 1746, 1747, 1749, 1758, 1759, 1760, 1761, 1763, 1764, 1769, 1778, 1787, 1794, 1795, 1796, 1797, 1798, 1800, 1801, 1810, 1811, 1812, 1813, 1814], "summary": {"covered_lines": 745, "num_statements": 745, "percent_covered": 100.0, "percent_covered_display": "100", "missing_lines": 0, "excluded_lines": 0}, "missing_lines": [], "excluded_lines": [], "functions": {"SignupAndLoginFlowTest.setUp": {"executed_lines": [21, 22, 23, 24, 25], "summary": {"covered_lines": 5, "num_statements": 5, "percent_covered": 100.0, "percent_covered_display": "100", "missing_lines": 0, "excluded_lines": 0}, "missing_lines": [], "excluded_lines": []}, "SignupAndLoginFlowTest._register_payload": {"executed_lines": [28, 44, 45], "summary": {"covered_lines": 3, "num_statements": 3, "percent_covered": 100.0, "percent_covered_display": "100", "missing_lines": 0, "excluded_lines": 0}, "missing_lines": [], "excluded_lines": []}, "SignupAndLoginFlowTest._verify_latest_otp": {"executed_lines": [48, 49, 50, 51, 52, 53], "summary": {"covered_lines": 6, "num_statements": 6, "percent_covered": 100.0, "percent_covered_display": "100", "missing_lines": 0, "excluded_lines": 0}, "missing_lines": [], "excluded_lines": []}, "SignupAndLoginFlowTest.test_signup_user_can_login_immediately_with_username_or_email": {"executed_lines": [56, 57, 59, 60, 61, 62, 63, 66, 67, 70, 72, 73, 74, 75, 76, 77, 78, 79], "summary": {"covered_lines": 18, "num_statements": 18, "percent_covered": 100.0, "percent_covered_display": "100", "missing_lines": 0, "excluded_lines": 0}, "missing_lines": [], "excluded_lines": []}, "SignupAndLoginFlowTest.test_individual_signup_creates_workspace_without_organization_selection": {"executed_lines": [84, 85, 86, 87, 88], "summary": {"covered_lines": 5, "num_statements": 5, "percent_covered": 100.0, "percent_covered_display": "100", "missing_lines": 0, "excluded_lines": 0}, "missing_lines": [], "excluded_lines": []}, "SignupAndLoginFlowTest.test_signup_form_does_not_offer_student_role": {"executed_lines": [91, 92, 93], "summary": {"covered_lines": 3, "num_statements": 3, "percent_covered": 100.0, "percent_covered_display": "100", "missing_lines": 0, "excluded_lines": 0}, "missing_lines": [], "excluded_lines": []}, "SignupAndLoginFlowTest.test_school_signup_creates_organization_from_manual_name": {"executed_lines": [96, 107, 109, 110, 111, 112, 113, 114, 115, 116, 117, 118, 119], "summary": {"covered_lines": 13, "num_statements": 13, "percent_covered": 100.0, "percent_covered_display": "100", "missing_lines": 0, "excluded_lines": 0}, "missing_lines": [], "excluded_lines": []}, "SignupAndLoginFlowTest.test_course_center_signup_uses_manual_name": {"executed_lines": [122, 134, 135, 136, 137, 138, 139, 140], "summary": {"covered_lines": 8, "num_statements": 8, "percent_covered": 100.0, "percent_covered_display": "100", "missing_lines": 0, "excluded_lines": 0}, "missing_lines": [], "excluded_lines": []}, "SignupAndLoginFlowTest.test_org_creator_signup_ignores_manual_initial_role_input": {"executed_lines": [143, 151, 152, 153], "summary": {"covered_lines": 4, "num_statements": 4, "percent_covered": 100.0, "percent_covered_display": "100", "missing_lines": 0, "excluded_lines": 0}, "missing_lines": [], "excluded_lines": []}, "SignupAndLoginFlowTest.test_university_signup_requires_identifier": {"executed_lines": [156, 165, 166], "summary": {"covered_lines": 3, "num_statements": 3, "percent_covered": 100.0, "percent_covered_display": "100", "missing_lines": 0, "excluded_lines": 0}, "missing_lines": [], "excluded_lines": []}, "SignupAndLoginFlowTest.test_student_join_without_organization_selection_is_allowed": {"executed_lines": [169, 176, 177, 178, 179, 180, 181], "summary": {"covered_lines": 7, "num_statements": 7, "percent_covered": 100.0, "percent_covered_display": "100", "missing_lines": 0, "excluded_lines": 0}, "missing_lines": [], "excluded_lines": []}, "SignupAndLoginFlowTest.test_student_join_rejects_suspended_organization": {"executed_lines": [184, 189, 198, 205, 206], "summary": {"covered_lines": 5, "num_statements": 5, "percent_covered": 100.0, "percent_covered_display": "100", "missing_lines": 0, "excluded_lines": 0}, "missing_lines": [], "excluded_lines": []}, "SignupAndLoginFlowTest.test_student_join_rejects_type_mismatch": {"executed_lines": [209, 214, 223, 230, 231], "summary": {"covered_lines": 5, "num_statements": 5, "percent_covered": 100.0, "percent_covered_display": "100", "missing_lines": 0, "excluded_lines": 0}, "missing_lines": [], "excluded_lines": []}, "SignupAndLoginFlowTest.test_student_join_stays_pending_after_email_verification": {"executed_lines": [234, 239, 248, 257, 259, 260, 261, 262, 263, 264, 266, 268, 269, 270, 271, 272, 273, 275, 276, 277, 278], "summary": {"covered_lines": 21, "num_statements": 21, "percent_covered": 100.0, "percent_covered_display": "100", "missing_lines": 0, "excluded_lines": 0}, "missing_lines": [], "excluded_lines": []}, "ProfileAndSuspensionFlowTest.setUp": {"executed_lines": [283], "summary": {"covered_lines": 1, "num_statements": 1, "percent_covered": 100.0, "percent_covered_display": "100", "missing_lines": 0, "excluded_lines": 0}, "missing_lines": [], "excluded_lines": []}, "ProfileAndSuspensionFlowTest.test_student_references_editable_from_profile": {"executed_lines": [286, 293, 300, 301, 302, 303, 304, 306, 307, 322, 323, 325, 326], "summary": {"covered_lines": 13, "num_statements": 13, "percent_covered": 100.0, "percent_covered_display": "100", "missing_lines": 0, "excluded_lines": 0}, "missing_lines": [], "excluded_lines": []}, "ProfileAndSuspensionFlowTest.test_login_blocked_for_suspended_organization": {"executed_lines": [329, 335, 342, 343, 344, 345, 346, 348, 353, 354, 355], "summary": {"covered_lines": 11, "num_statements": 11, "percent_covered": 100.0, "percent_covered_display": "100", "missing_lines": 0, "excluded_lines": 0}, "missing_lines": [], "excluded_lines": []}, "ProfileAndSuspensionFlowTest.test_superadmin_can_suspend_and_unsuspend_organizations": {"executed_lines": [358, 363, 368, 376, 378, 386, 387, 388, 389, 390, 392, 399, 400, 401, 402], "summary": {"covered_lines": 15, "num_statements": 15, "percent_covered": 100.0, "percent_covered_display": "100", "missing_lines": 0, "excluded_lines": 0}, "missing_lines": [], "excluded_lines": []}, "RoleAndPermissionTenantIsolationTest.setUp": {"executed_lines": [407, 409, 414, 419, 424, 429, 435, 442, 450, 451, 452, 453, 454, 456, 463, 470, 478, 479, 480, 481, 482, 484, 485, 486, 487, 488, 490, 491, 492, 493, 494, 496, 497, 498, 499, 500, 501, 502, 504, 505, 506, 507, 508, 509, 510, 512], "summary": {"covered_lines": 46, "num_statements": 46, "percent_covered": 100.0, "percent_covered_display": "100", "missing_lines": 0, "excluded_lines": 0}, "missing_lines": [], "excluded_lines": []}, "RoleAndPermissionTenantIsolationTest.test_org_admin_can_assign_roles_only_inside_own_tenant": {"executed_lines": [515, 516, 524, 525, 526, 527, 535, 536, 537, 538, 539, 540, 541, 543, 551], "summary": {"covered_lines": 15, "num_statements": 15, "percent_covered": 100.0, "percent_covered_display": "100", "missing_lines": 0, "excluded_lines": 0}, "missing_lines": [], "excluded_lines": []}, "RoleAndPermissionTenantIsolationTest.test_role_assignment_post_respects_next_url": {"executed_lines": [554, 555, 564, 565, 566], "summary": {"covered_lines": 5, "num_statements": 5, "percent_covered": 100.0, "percent_covered_display": "100", "missing_lines": 0, "excluded_lines": 0}, "missing_lines": [], "excluded_lines": []}, "RoleAndPermissionTenantIsolationTest.test_role_assignment_prepare_operation_returns_operation_token": {"executed_lines": [569, 580, 581, 582, 583, 584], "summary": {"covered_lines": 6, "num_statements": 6, "percent_covered": 100.0, "percent_covered_display": "100", "missing_lines": 0, "excluded_lines": 0}, "missing_lines": [], "excluded_lines": []}, "RoleAndPermissionTenantIsolationTest.test_role_assignment_rejects_mismatched_operation_token": {"executed_lines": [587, 598, 599, 600, 602, 613, 614, 615, 616, 618, 619], "summary": {"covered_lines": 11, "num_statements": 11, "percent_covered": 100.0, "percent_covered_display": "100", "missing_lines": 0, "excluded_lines": 0}, "missing_lines": [], "excluded_lines": []}, "RoleAndPermissionTenantIsolationTest.test_role_assignment_denied_attempt_writes_audit_event": {"executed_lines": [622, 630, 631, 638, 639, 640, 641, 642, 643], "summary": {"covered_lines": 9, "num_statements": 9, "percent_covered": 100.0, "percent_covered_display": "100", "missing_lines": 0, "excluded_lines": 0}, "missing_lines": [], "excluded_lines": []}, "RoleAndPermissionTenantIsolationTest.test_role_assignment_denies_self_role_update": {"executed_lines": [646, 654, 655, 656], "summary": {"covered_lines": 4, "num_statements": 4, "percent_covered": 100.0, "percent_covered_display": "100", "missing_lines": 0, "excluded_lines": 0}, "missing_lines": [], "excluded_lines": []}, "RoleAndPermissionTenantIsolationTest.test_role_assignment_denies_assigning_role_at_or_above_actor_level": {"executed_lines": [659, 664, 673, 680, 681, 682, 683, 684, 686, 687, 695, 696, 697], "summary": {"covered_lines": 13, "num_statements": 13, "percent_covered": 100.0, "percent_covered_display": "100", "missing_lines": 0, "excluded_lines": 0}, "missing_lines": [], "excluded_lines": []}, "RoleAndPermissionTenantIsolationTest.test_role_assignment_denies_updating_user_with_higher_or_equal_level": {"executed_lines": [700, 705, 714, 722, 727, 736, 743, 744, 745, 746, 747, 749, 750, 758, 759, 760], "summary": {"covered_lines": 16, "num_statements": 16, "percent_covered": 100.0, "percent_covered_display": "100", "missing_lines": 0, "excluded_lines": 0}, "missing_lines": [], "excluded_lines": []}, "RoleAndPermissionTenantIsolationTest.test_role_assignment_blocks_demoting_last_owner": {"executed_lines": [763, 768, 769, 770, 771, 772, 774, 775, 776, 777, 779, 787, 788, 789], "summary": {"covered_lines": 14, "num_statements": 14, "percent_covered": 100.0, "percent_covered_display": "100", "missing_lines": 0, "excluded_lines": 0}, "missing_lines": [], "excluded_lines": []}, "RoleAndPermissionTenantIsolationTest.test_role_assignment_page_shows_only_same_tenant_users": {"executed_lines": [792, 793, 794, 796, 797, 798, 799, 800, 801, 802, 803, 804, 805, 806, 807], "summary": {"covered_lines": 15, "num_statements": 15, "percent_covered": 100.0, "percent_covered_display": "100", "missing_lines": 0, "excluded_lines": 0}, "missing_lines": [], "excluded_lines": []}, "RoleAndPermissionTenantIsolationTest.test_org_admin_can_bulk_approve_pending_students": {"executed_lines": [810, 811, 812, 813, 814, 815, 816, 818, 819, 820, 821, 822, 823, 824, 825, 826, 827, 828, 830, 839, 840, 841, 842, 844, 853, 854, 855], "summary": {"covered_lines": 27, "num_statements": 27, "percent_covered": 100.0, "percent_covered_display": "100", "missing_lines": 0, "excluded_lines": 0}, "missing_lines": [], "excluded_lines": []}, "RoleAndPermissionTenantIsolationTest.test_pending_students_empty_state_outside_table_and_bulk_disabled": {"executed_lines": [858, 859, 860, 862, 867, 868, 869, 870, 871, 872, 873, 874], "summary": {"covered_lines": 12, "num_statements": 12, "percent_covered": 100.0, "percent_covered_display": "100", "missing_lines": 0, "excluded_lines": 0}, "missing_lines": [], "excluded_lines": []}, "RoleAndPermissionTenantIsolationTest.test_org_admin_can_reject_pending_student_request": {"executed_lines": [877, 878, 879, 880, 881, 882, 883, 884, 886, 894, 896, 897, 898, 899, 900], "summary": {"covered_lines": 15, "num_statements": 15, "percent_covered": 100.0, "percent_covered_display": "100", "missing_lines": 0, "excluded_lines": 0}, "missing_lines": [], "excluded_lines": []}, "RoleAndPermissionTenantIsolationTest.test_removed_student_does_not_return_to_pending_requests": {"executed_lines": [909, 910, 911, 912, 913, 914, 915, 917, 925, 926, 935, 944, 946, 947, 948, 949, 950, 951, 959, 960, 961, 962], "summary": {"covered_lines": 22, "num_statements": 22, "percent_covered": 100.0, "percent_covered_display": "100", "missing_lines": 0, "excluded_lines": 0}, "missing_lines": [], "excluded_lines": []}, "RoleAndPermissionTenantIsolationTest.test_org_admin_can_bulk_invite_unassigned_students": {"executed_lines": [965, 970, 975, 976, 977, 978, 979, 980, 981, 982, 983, 985, 993, 994], "summary": {"covered_lines": 14, "num_statements": 14, "percent_covered": 100.0, "percent_covered_display": "100", "missing_lines": 0, "excluded_lines": 0}, "missing_lines": [], "excluded_lines": []}, "RoleAndPermissionTenantIsolationTest.test_org_admin_can_revoke_sent_invites_in_bulk": {"executed_lines": [1005, 1010, 1016, 1017, 1018, 1019, 1020, 1021, 1022, 1023, 1024, 1025, 1035, 1043, 1044, 1052, 1053, 1054, 1055, 1056, 1057, 1058, 1059, 1060, 1061, 1062], "summary": {"covered_lines": 26, "num_statements": 26, "percent_covered": 100.0, "percent_covered_display": "100", "missing_lines": 0, "excluded_lines": 0}, "missing_lines": [], "excluded_lines": []}, "RoleAndPermissionTenantIsolationTest.test_unassigned_student_gets_invite_then_can_accept_and_leave_with_reason": {"executed_lines": [1065, 1066, 1067, 1068, 1069, 1070, 1071, 1073, 1081, 1083, 1089, 1090, 1097, 1098, 1099, 1101, 1102, 1110, 1111, 1112, 1113, 1122, 1129, 1130, 1131, 1132], "summary": {"covered_lines": 26, "num_statements": 26, "percent_covered": 100.0, "percent_covered_display": "100", "missing_lines": 0, "excluded_lines": 0}, "missing_lines": [], "excluded_lines": []}, "RoleAndPermissionTenantIsolationTest.test_student_can_send_join_request_with_message_and_org_admin_sees_it": {"executed_lines": [1141, 1146, 1147, 1148, 1149, 1150, 1151, 1152, 1153, 1155, 1156, 1165, 1166, 1167, 1168, 1169, 1171, 1172, 1173, 1174], "summary": {"covered_lines": 20, "num_statements": 20, "percent_covered": 100.0, "percent_covered_display": "100", "missing_lines": 0, "excluded_lines": 0}, "missing_lines": [], "excluded_lines": []}, "RoleAndPermissionTenantIsolationTest.test_student_join_request_message_has_max_length_limit": {"executed_lines": [1177, 1182, 1183, 1184, 1185, 1186, 1188, 1189, 1199, 1200, 1201, 1202], "summary": {"covered_lines": 12, "num_statements": 12, "percent_covered": 100.0, "percent_covered_display": "100", "missing_lines": 0, "excluded_lines": 0}, "missing_lines": [], "excluded_lines": []}, "RoleAndPermissionTenantIsolationTest.test_student_notifications_show_all_pending_join_requests": {"executed_lines": [1205, 1210, 1211, 1212, 1213, 1214, 1215, 1216, 1217, 1219, 1220, 1229, 1231, 1240, 1242, 1243, 1244, 1245, 1246, 1247, 1248, 1255], "summary": {"covered_lines": 22, "num_statements": 22, "percent_covered": 100.0, "percent_covered_display": "100", "missing_lines": 0, "excluded_lines": 0}, "missing_lines": [], "excluded_lines": []}, "RoleAndPermissionTenantIsolationTest.test_approving_one_org_auto_closes_other_pending_requests": {"executed_lines": [1258, 1263, 1264, 1265, 1266, 1267, 1268, 1269, 1270, 1272, 1273, 1282, 1292, 1293, 1301, 1303, 1304, 1306, 1310, 1314, 1315, 1316, 1318, 1323, 1324, 1331, 1332, 1333, 1334, 1335, 1337, 1338, 1339, 1340, 1341, 1342, 1343], "summary": {"covered_lines": 37, "num_statements": 37, "percent_covered": 100.0, "percent_covered_display": "100", "missing_lines": 0, "excluded_lines": 0}, "missing_lines": [], "excluded_lines": []}, "RoleAndPermissionTenantIsolationTest.test_teacher_cannot_access_student_org_management": {"executed_lines": [1346, 1351, 1358, 1359, 1360, 1361, 1362, 1364, 1365, 1366], "summary": {"covered_lines": 10, "num_statements": 10, "percent_covered": 100.0, "percent_covered_display": "100", "missing_lines": 0, "excluded_lines": 0}, "missing_lines": [], "excluded_lines": []}, "RoleAndPermissionTenantIsolationTest.test_student_leave_requires_reason": {"executed_lines": [1369, 1374, 1381, 1382, 1383, 1384, 1385, 1387, 1388, 1396, 1397, 1398, 1399], "summary": {"covered_lines": 13, "num_statements": 13, "percent_covered": 100.0, "percent_covered_display": "100", "missing_lines": 0, "excluded_lines": 0}, "missing_lines": [], "excluded_lines": []}, "RoleAndPermissionTenantIsolationTest.test_teacher_can_attach_unassigned_user_and_assign_student_role": {"executed_lines": [1402, 1407, 1416, 1423, 1424, 1425, 1426, 1427, 1429, 1430, 1438, 1440, 1449, 1450, 1451, 1452, 1458, 1459, 1467, 1468, 1469, 1470, 1471, 1472], "summary": {"covered_lines": 24, "num_statements": 24, "percent_covered": 100.0, "percent_covered_display": "100", "missing_lines": 0, "excluded_lines": 0}, "missing_lines": [], "excluded_lines": []}, "RoleAndPermissionTenantIsolationTest.test_attach_user_requires_manage_members_permission": {"executed_lines": [1475, 1480, 1487, 1488, 1489, 1490, 1491, 1493, 1494, 1502, 1503], "summary": {"covered_lines": 11, "num_statements": 11, "percent_covered": 100.0, "percent_covered_display": "100", "missing_lines": 0, "excluded_lines": 0}, "missing_lines": [], "excluded_lines": []}, "RoleAndPermissionTenantIsolationTest.test_attach_unassigned_user_rejected_when_requested_other_tenant": {"executed_lines": [1513, 1518, 1527, 1534, 1535, 1536, 1537, 1538, 1540, 1541, 1550, 1551, 1552], "summary": {"covered_lines": 13, "num_statements": 13, "percent_covered": 100.0, "percent_covered_display": "100", "missing_lines": 0, "excluded_lines": 0}, "missing_lines": [], "excluded_lines": []}, "RoleAndPermissionTenantIsolationTest.test_permission_editor_rejects_grant_when_actor_lacks_permission": {"executed_lines": [1561, 1566, 1575, 1584, 1591, 1592, 1593, 1594, 1595, 1597, 1598, 1607, 1608, 1609, 1610], "summary": {"covered_lines": 15, "num_statements": 15, "percent_covered": 100.0, "percent_covered_display": "100", "missing_lines": 0, "excluded_lines": 0}, "missing_lines": [], "excluded_lines": []}, "RoleAndPermissionTenantIsolationTest.test_permission_editor_allows_grant_via_grant_prefix": {"executed_lines": [1613, 1618, 1627, 1636, 1643, 1644, 1645, 1646, 1647, 1649, 1650, 1659, 1660, 1661, 1663, 1672, 1673, 1674], "summary": {"covered_lines": 18, "num_statements": 18, "percent_covered": 100.0, "percent_covered_display": "100", "missing_lines": 0, "excluded_lines": 0}, "missing_lines": [], "excluded_lines": []}, "RoleAndPermissionTenantIsolationTest.test_permission_editor_is_tenant_scoped": {"executed_lines": [1677, 1686, 1687, 1688, 1690, 1698], "summary": {"covered_lines": 6, "num_statements": 6, "percent_covered": 100.0, "percent_covered_display": "100", "missing_lines": 0, "excluded_lines": 0}, "missing_lines": [], "excluded_lines": []}, "RoleAndPermissionTenantIsolationTest.test_org_owner_without_membership_gets_permission_editor_access": {"executed_lines": [1701, 1706, 1707, 1708, 1709, 1710, 1712, 1713, 1714, 1715, 1716], "summary": {"covered_lines": 11, "num_statements": 11, "percent_covered": 100.0, "percent_covered_display": "100", "missing_lines": 0, "excluded_lines": 0}, "missing_lines": [], "excluded_lines": []}, "RoleAndPermissionTenantIsolationTest.test_permission_editor_bulk_add_and_remove": {"executed_lines": [1725, 1735, 1744, 1745, 1746, 1747, 1749, 1758, 1759, 1760, 1761], "summary": {"covered_lines": 11, "num_statements": 11, "percent_covered": 100.0, "percent_covered_display": "100", "missing_lines": 0, "excluded_lines": 0}, "missing_lines": [], "excluded_lines": []}, "RoleAndPermissionTenantIsolationTest.test_permission_editor_bulk_add_rejects_non_grantable_permissions": {"executed_lines": [1764, 1769, 1778, 1787, 1794, 1795, 1796, 1797, 1798, 1800, 1801, 1810, 1811, 1812, 1813, 1814], "summary": {"covered_lines": 16, "num_statements": 16, "percent_covered": 100.0, "percent_covered_display": "100", "missing_lines": 0, "excluded_lines": 0}, "missing_lines": [], "excluded_lines": []}, "": {"executed_lines": [1, 5, 6, 7, 9, 10, 11, 12, 13, 14, 16, 19, 20, 27, 47, 55, 83, 90, 95, 121, 142, 155, 168, 183, 208, 233, 281, 282, 285, 328, 357, 405, 406, 514, 553, 568, 586, 621, 645, 658, 699, 762, 791, 809, 857, 876, 908, 964, 1004, 1064, 1140, 1176, 1204, 1257, 1345, 1368, 1401, 1474, 1512, 1560, 1612, 1676, 1700, 1724, 1763], "summary": {"covered_lines": 64, "num_statements": 64, "percent_covered": 100.0, "percent_covered_display": "100", "missing_lines": 0, "excluded_lines": 0}, "missing_lines": [], "excluded_lines": []}}, "classes": {"SignupAndLoginFlowTest": {"executed_lines": [21, 22, 23, 24, 25, 28, 44, 45, 48, 49, 50, 51, 52, 53, 56, 57, 59, 60, 61, 62, 63, 66, 67, 70, 72, 73, 74, 75, 76, 77, 78, 79, 84, 85, 86, 87, 88, 91, 92, 93, 96, 107, 109, 110, 111, 112, 113, 114, 115, 116, 117, 118, 119, 122, 134, 135, 136, 137, 138, 139, 140, 143, 151, 152, 153, 156, 165, 166, 169, 176, 177, 178, 179, 180, 181, 184, 189, 198, 205, 206, 209, 214, 223, 230, 231, 234, 239, 248, 257, 259, 260, 261, 262, 263, 264, 266, 268, 269, 270, 271, 272, 273, 275, 276, 277, 278], "summary": {"covered_lines": 106, "num_statements": 106, "percent_covered": 100.0, "percent_covered_display": "100", "missing_lines": 0, "excluded_lines": 0}, "missing_lines": [], "excluded_lines": []}, "ProfileAndSuspensionFlowTest": {"executed_lines": [283, 286, 293, 300, 301, 302, 303, 304, 306, 307, 322, 323, 325, 326, 329, 335, 342, 343, 344, 345, 346, 348, 353, 354, 355, 358, 363, 368, 376, 378, 386, 387, 388, 389, 390, 392, 399, 400, 401, 402], "summary": {"covered_lines": 40, "num_statements": 40, "percent_covered": 100.0, "percent_covered_display": "100", "missing_lines": 0, "excluded_lines": 0}, "missing_lines": [], "excluded_lines": []}, "RoleAndPermissionTenantIsolationTest": {"executed_lines": [407, 409, 414, 419, 424, 429, 435, 442, 450, 451, 452, 453, 454, 456, 463, 470, 478, 479, 480, 481, 482, 484, 485, 486, 487, 488, 490, 491, 492, 493, 494, 496, 497, 498, 499, 500, 501, 502, 504, 505, 506, 507, 508, 509, 510, 512, 515, 516, 524, 525, 526, 527, 535, 536, 537, 538, 539, 540, 541, 543, 551, 554, 555, 564, 565, 566, 569, 580, 581, 582, 583, 584, 587, 598, 599, 600, 602, 613, 614, 615, 616, 618, 619, 622, 630, 631, 638, 639, 640, 641, 642, 643, 646, 654, 655, 656, 659, 664, 673, 680, 681, 682, 683, 684, 686, 687, 695, 696, 697, 700, 705, 714, 722, 727, 736, 743, 744, 745, 746, 747, 749, 750, 758, 759, 760, 763, 768, 769, 770, 771, 772, 774, 775, 776, 777, 779, 787, 788, 789, 792, 793, 794, 796, 797, 798, 799, 800, 801, 802, 803, 804, 805, 806, 807, 810, 811, 812, 813, 814, 815, 816, 818, 819, 820, 821, 822, 823, 824, 825, 826, 827, 828, 830, 839, 840, 841, 842, 844, 853, 854, 855, 858, 859, 860, 862, 867, 868, 869, 870, 871, 872, 873, 874, 877, 878, 879, 880, 881, 882, 883, 884, 886, 894, 896, 897, 898, 899, 900, 909, 910, 911, 912, 913, 914, 915, 917, 925, 926, 935, 944, 946, 947, 948, 949, 950, 951, 959, 960, 961, 962, 965, 970, 975, 976, 977, 978, 979, 980, 981, 982, 983, 985, 993, 994, 1005, 1010, 1016, 1017, 1018, 1019, 1020, 1021, 1022, 1023, 1024, 1025, 1035, 1043, 1044, 1052, 1053, 1054, 1055, 1056, 1057, 1058, 1059, 1060, 1061, 1062, 1065, 1066, 1067, 1068, 1069, 1070, 1071, 1073, 1081, 1083, 1089, 1090, 1097, 1098, 1099, 1101, 1102, 1110, 1111, 1112, 1113, 1122, 1129, 1130, 1131, 1132, 1141, 1146, 1147, 1148, 1149, 1150, 1151, 1152, 1153, 1155, 1156, 1165, 1166, 1167, 1168, 1169, 1171, 1172, 1173, 1174, 1177, 1182, 1183, 1184, 1185, 1186, 1188, 1189, 1199, 1200, 1201, 1202, 1205, 1210, 1211, 1212, 1213, 1214, 1215, 1216, 1217, 1219, 1220, 1229, 1231, 1240, 1242, 1243, 1244, 1245, 1246, 1247, 1248, 1255, 1258, 1263, 1264, 1265, 1266, 1267, 1268, 1269, 1270, 1272, 1273, 1282, 1292, 1293, 1301, 1303, 1304, 1306, 1310, 1314, 1315, 1316, 1318, 1323, 1324, 1331, 1332, 1333, 1334, 1335, 1337, 1338, 1339, 1340, 1341, 1342, 1343, 1346, 1351, 1358, 1359, 1360, 1361, 1362, 1364, 1365, 1366, 1369, 1374, 1381, 1382, 1383, 1384, 1385, 1387, 1388, 1396, 1397, 1398, 1399, 1402, 1407, 1416, 1423, 1424, 1425, 1426, 1427, 1429, 1430, 1438, 1440, 1449, 1450, 1451, 1452, 1458, 1459, 1467, 1468, 1469, 1470, 1471, 1472, 1475, 1480, 1487, 1488, 1489, 1490, 1491, 1493, 1494, 1502, 1503, 1513, 1518, 1527, 1534, 1535, 1536, 1537, 1538, 1540, 1541, 1550, 1551, 1552, 1561, 1566, 1575, 1584, 1591, 1592, 1593, 1594, 1595, 1597, 1598, 1607, 1608, 1609, 1610, 1613, 1618, 1627, 1636, 1643, 1644, 1645, 1646, 1647, 1649, 1650, 1659, 1660, 1661, 1663, 1672, 1673, 1674, 1677, 1686, 1687, 1688, 1690, 1698, 1701, 1706, 1707, 1708, 1709, 1710, 1712, 1713, 1714, 1715, 1716, 1725, 1735, 1744, 1745, 1746, 1747, 1749, 1758, 1759, 1760, 1761, 1764, 1769, 1778, 1787, 1794, 1795, 1796, 1797, 1798, 1800, 1801, 1810, 1811, 1812, 1813, 1814], "summary": {"covered_lines": 535, "num_statements": 535, "percent_covered": 100.0, "percent_covered_display": "100", "missing_lines": 0, "excluded_lines": 0}, "missing_lines": [], "excluded_lines": []}, "": {"executed_lines": [1, 5, 6, 7, 9, 10, 11, 12, 13, 14, 16, 19, 20, 27, 47, 55, 83, 90, 95, 121, 142, 155, 168, 183, 208, 233, 281, 282, 285, 328, 357, 405, 406, 514, 553, 568, 586, 621, 645, 658, 699, 762, 791, 809, 857, 876, 908, 964, 1004, 1064, 1140, 1176, 1204, 1257, 1345, 1368, 1401, 1474, 1512, 1560, 1612, 1676, 1700, 1724, 1763], "summary": {"covered_lines": 64, "num_statements": 64, "percent_covered": 100.0, "percent_covered_display": "100", "missing_lines": 0, "excluded_lines": 0}, "missing_lines": [], "excluded_lines": []}}}, "apps/accounts/tests/test_models.py": {"executed_lines": [1], "summary": {"covered_lines": 0, "num_statements": 0, "percent_covered": 100.0, "percent_covered_display": "100", "missing_lines": 0, "excluded_lines": 0}, "missing_lines": [], "excluded_lines": [], "functions": {"": {"executed_lines": [1], "summary": {"covered_lines": 0, "num_statements": 0, "percent_covered": 100.0, "percent_covered_display": "100", "missing_lines": 0, "excluded_lines": 0}, "missing_lines": [], "excluded_lines": []}}, "classes": {"": {"executed_lines": [1], "summary": {"covered_lines": 0, "num_statements": 0, "percent_covered": 100.0, "percent_covered_display": "100", "missing_lines": 0, "excluded_lines": 0}, "missing_lines": [], "excluded_lines": []}}}, "apps/accounts/tests/test_profile_views.py": {"executed_lines": [1, 5, 7, 8, 9, 10, 12, 15, 16, 18, 20, 21, 27, 29, 30, 32, 34, 35, 36, 37, 39, 41, 44, 46, 47, 48, 49, 51, 53, 54, 55, 56, 57, 58, 59, 61, 63, 64, 65, 66, 68, 69, 70, 72, 73, 74, 75, 77, 78, 79, 80, 81, 82, 83, 93, 95, 96, 98, 99, 100, 101, 102, 103, 104, 105, 106, 108, 109, 111, 112, 113, 114, 116, 117, 118, 119, 120, 121, 122, 133, 134, 139, 140, 142, 143, 144, 145, 146, 147, 148, 149, 150, 151, 153, 154, 156, 157, 158, 160, 161, 174, 175, 177, 178, 179, 180, 181, 182, 183, 184, 186, 188, 193, 194, 196, 198, 199, 200, 201, 203, 204, 205, 212, 213, 214, 216, 218, 219, 220, 221, 223, 224, 225, 226, 227, 228, 229, 231, 233, 235, 236, 237, 238, 240, 242, 244, 245, 246, 248, 249, 251, 252, 254, 255, 256, 258, 259, 260, 261, 262, 263, 264, 266, 267, 269, 270, 271, 273, 274, 275, 276, 277, 278, 279, 280, 282, 283, 284, 285, 286, 288, 293, 299, 307, 318, 330, 331, 332, 333, 334, 336, 337, 338, 339, 340, 342, 349, 357, 362, 364, 365, 367, 368, 369, 370, 372, 373, 374, 375, 376, 378, 383, 389, 397, 408, 420, 421, 422, 423, 424, 426, 427, 428, 429, 430, 432, 439, 447, 448, 453, 455, 456, 458, 459, 460, 462, 463, 468, 470, 471, 480, 481, 482, 484, 485, 486, 488, 489, 490, 492, 493, 495, 496, 497, 499, 500, 501, 502, 503, 505, 506, 508, 509, 510, 512, 513, 514, 515, 516, 517, 518, 519, 521, 522, 523, 524, 525, 526, 528, 529, 531, 532, 533, 535, 536, 537, 538, 539, 540, 541, 542, 543, 544, 546, 547, 552, 553, 554, 555, 557, 558, 560, 562, 567, 568, 570, 571, 572, 573, 574, 576, 577, 579, 581, 582, 583, 585, 586, 588, 589, 590, 591, 593, 594, 596, 601, 603, 613, 614, 616, 617, 618, 619, 620, 624, 629, 630, 632, 637, 639, 640, 650, 651, 653, 654, 656, 658, 659, 660, 661, 662, 663, 665, 670, 671, 673, 678, 685, 692, 694, 701, 703, 713, 720, 722, 729, 731, 732, 734, 735, 736, 737, 738, 739, 740, 741, 743, 744, 745, 746, 747, 748, 750, 751, 754, 755, 756, 760, 761, 762, 763, 764, 765, 766, 767, 768, 770, 771, 773, 775, 776, 777, 779, 784, 785, 787, 788, 790, 797, 799, 806, 808, 809, 814, 815, 816, 817, 819, 820, 821, 823, 828, 829, 831, 832, 833, 834, 836, 837, 842, 843, 844, 845, 848, 849, 851, 853, 854, 860, 862, 863, 865, 867, 868, 869, 870, 872, 874, 875, 877, 879, 880, 881, 882, 884, 885, 887, 892, 897, 899, 900, 901, 902, 903, 905, 906, 907, 908, 909, 911, 912, 913, 915, 920, 925, 927, 933, 935, 943, 950, 952, 958, 960, 967, 968, 969, 970, 971, 972, 973, 974, 975, 976, 977, 978, 981, 982, 983, 985, 987, 988, 989, 990, 991, 992, 994, 995, 1000, 1005, 1006, 1008, 1010, 1016, 1022, 1028, 1037, 1045, 1046, 1052, 1059, 1066, 1067, 1068, 1070, 1071, 1072, 1073, 1074, 1075, 1076, 1077, 1078, 1080, 1081, 1082, 1083, 1084, 1085, 1087, 1088, 1089, 1095, 1096, 1097, 1098, 1099, 1101, 1102, 1103, 1110, 1111, 1112, 1114, 1115, 1117, 1119, 1120, 1122, 1123, 1124, 1125, 1127, 1128, 1129, 1130, 1131, 1133, 1134, 1136, 1137, 1139, 1140, 1146, 1147, 1150, 1151, 1153, 1154, 1156, 1157, 1158, 1159, 1160, 1161, 1163, 1164, 1169, 1174, 1175, 1177, 1179, 1186, 1193, 1200, 1209, 1216, 1225, 1231, 1238, 1245, 1252, 1253, 1254, 1256, 1257, 1258, 1259, 1260, 1261, 1262, 1263, 1264, 1266, 1267, 1268, 1269, 1271, 1272, 1273, 1274, 1275, 1276, 1279, 1280, 1281, 1283, 1285, 1286, 1287, 1289, 1290, 1295, 1300, 1301, 1303, 1304, 1306, 1313, 1315, 1323, 1324, 1325, 1327, 1328, 1329, 1332, 1333, 1334, 1336, 1338, 1339, 1340, 1342, 1343, 1348, 1354, 1355, 1356, 1357, 1359, 1360, 1368, 1376, 1377, 1378, 1380, 1381, 1382, 1383, 1384, 1385, 1386, 1389, 1390, 1392, 1394, 1395, 1401, 1403, 1404, 1406, 1408, 1409, 1410, 1412, 1413, 1415, 1416, 1417, 1419, 1420, 1421, 1422, 1424, 1425, 1426, 1427, 1428, 1430, 1435, 1441, 1449, 1450, 1451, 1452, 1454, 1455, 1456, 1457, 1459, 1460, 1461, 1462, 1464, 1470, 1477, 1483, 1490, 1491, 1492, 1493, 1495, 1496, 1497, 1498, 1500, 1501, 1503, 1504, 1505, 1506, 1508, 1509, 1510, 1512, 1517, 1518, 1525, 1532, 1533, 1534, 1535, 1536, 1537, 1538, 1539, 1546, 1547, 1549, 1550, 1552, 1553, 1554, 1555, 1557, 1558, 1559, 1561, 1566, 1567, 1574, 1581, 1582, 1587, 1591, 1592, 1593, 1594, 1595, 1596, 1598, 1599, 1600, 1601, 1602, 1603, 1604, 1606, 1607, 1609, 1613, 1614, 1615, 1616, 1618, 1619, 1620, 1622, 1623, 1625, 1626, 1627, 1628, 1630, 1631, 1632, 1634, 1639, 1640, 1647, 1655, 1656, 1663, 1664, 1665, 1666, 1669, 1670, 1672, 1673, 1674, 1680, 1681, 1682, 1684, 1685, 1686, 1687, 1689, 1690, 1692, 1693, 1694, 1696, 1697, 1698, 1699, 1701, 1702, 1703, 1705, 1706, 1707, 1709, 1714, 1720, 1726, 1727, 1729, 1730, 1731, 1732, 1736, 1737, 1739, 1740, 1742, 1743, 1744, 1745, 1746, 1747, 1749, 1750, 1751, 1753, 1759, 1761, 1767, 1775, 1782, 1790, 1798, 1799, 1806, 1807, 1808, 1810, 1811, 1812, 1813, 1815, 1822, 1829, 1837, 1838, 1840, 1841, 1842, 1843, 1845, 1846, 1847, 1849, 1855, 1856, 1862, 1870, 1871, 1878, 1879], "summary": {"covered_lines": 885, "num_statements": 885, "percent_covered": 100.0, "percent_covered_display": "100", "missing_lines": 0, "excluded_lines": 0}, "missing_lines": [], "excluded_lines": [], "functions": {"ProfileViewTest.setUp": {"executed_lines": [20, 21], "summary": {"covered_lines": 2, "num_statements": 2, "percent_covered": 100.0, "percent_covered_display": "100", "missing_lines": 0, "excluded_lines": 0}, "missing_lines": [], "excluded_lines": []}, "ProfileViewTest.test_profile_requires_login": {"executed_lines": [29, 30], "summary": {"covered_lines": 2, "num_statements": 2, "percent_covered": 100.0, "percent_covered_display": "100", "missing_lines": 0, "excluded_lines": 0}, "missing_lines": [], "excluded_lines": []}, "ProfileViewTest.test_profile_page_loads": {"executed_lines": [34, 35, 36, 37], "summary": {"covered_lines": 4, "num_statements": 4, "percent_covered": 100.0, "percent_covered_display": "100", "missing_lines": 0, "excluded_lines": 0}, "missing_lines": [], "excluded_lines": []}, "ProfileViewTest.test_profile_creates_userprofile": {"executed_lines": [41, 44, 46, 47, 48, 49], "summary": {"covered_lines": 6, "num_statements": 6, "percent_covered": 100.0, "percent_covered_display": "100", "missing_lines": 0, "excluded_lines": 0}, "missing_lines": [], "excluded_lines": []}, "ProfileViewTest.test_profile_has_stats": {"executed_lines": [53, 54, 55, 56, 57, 58, 59], "summary": {"covered_lines": 7, "num_statements": 7, "percent_covered": 100.0, "percent_covered_display": "100", "missing_lines": 0, "excluded_lines": 0}, "missing_lines": [], "excluded_lines": []}, "ProfileViewTest.test_profile_edit_section": {"executed_lines": [63, 64, 65, 66], "summary": {"covered_lines": 4, "num_statements": 4, "percent_covered": 100.0, "percent_covered_display": "100", "missing_lines": 0, "excluded_lines": 0}, "missing_lines": [], "excluded_lines": []}, "ProfileViewTest.test_profile_edit_section_prefills_existing_values": {"executed_lines": [69, 70, 72, 73, 74, 75, 77, 78, 79, 80, 81, 82, 83, 93, 95, 96, 98, 99, 100, 101, 102, 103, 104, 105, 106], "summary": {"covered_lines": 25, "num_statements": 25, "percent_covered": 100.0, "percent_covered_display": "100", "missing_lines": 0, "excluded_lines": 0}, "missing_lines": [], "excluded_lines": []}, "ProfileViewTest.test_non_profile_post_does_not_overwrite_profile_fields": {"executed_lines": [109, 111, 112, 113, 114, 116, 117, 118, 119, 120, 121, 122, 133, 134, 139, 140, 142, 143, 144, 145, 146, 147, 148, 149, 150, 151], "summary": {"covered_lines": 26, "num_statements": 26, "percent_covered": 100.0, "percent_covered_display": "100", "missing_lines": 0, "excluded_lines": 0}, "missing_lines": [], "excluded_lines": []}, "ProfileViewTest.test_edit_profile_ignores_privilege_fields_from_post": {"executed_lines": [154, 156, 157, 158, 160, 161, 174, 175, 177, 178, 179, 180, 181, 182, 183, 184], "summary": {"covered_lines": 16, "num_statements": 16, "percent_covered": 100.0, "percent_covered_display": "100", "missing_lines": 0, "excluded_lines": 0}, "missing_lines": [], "excluded_lines": []}, "ProfileViewTest.test_superuser_is_teacher_and_admin": {"executed_lines": [188, 193, 194], "summary": {"covered_lines": 3, "num_statements": 3, "percent_covered": 100.0, "percent_covered_display": "100", "missing_lines": 0, "excluded_lines": 0}, "missing_lines": [], "excluded_lines": []}, "ProfileViewTest.test_profile_my_exams_context_for_teacher": {"executed_lines": [198, 199, 200, 201, 203, 204, 205, 212, 213, 214, 216, 218, 219, 220, 221, 223, 224, 225, 226, 227, 228, 229], "summary": {"covered_lines": 22, "num_statements": 22, "percent_covered": 100.0, "percent_covered_display": "100", "missing_lines": 0, "excluded_lines": 0}, "missing_lines": [], "excluded_lines": []}, "ProfileViewTest.test_profile_role_field": {"executed_lines": [233, 235, 236, 237, 238], "summary": {"covered_lines": 5, "num_statements": 5, "percent_covered": 100.0, "percent_covered_display": "100", "missing_lines": 0, "excluded_lines": 0}, "missing_lines": [], "excluded_lines": []}, "ProfileViewTest.test_profile_role_level_check": {"executed_lines": [242, 244, 245, 246, 248, 249], "summary": {"covered_lines": 6, "num_statements": 6, "percent_covered": 100.0, "percent_covered_display": "100", "missing_lines": 0, "excluded_lines": 0}, "missing_lines": [], "excluded_lines": []}, "ProfileViewTest.test_student_profile_hides_teacher_and_admin_navigation": {"executed_lines": [252, 254, 255, 256, 258, 259, 260, 261, 262, 263, 264], "summary": {"covered_lines": 11, "num_statements": 11, "percent_covered": 100.0, "percent_covered_display": "100", "missing_lines": 0, "excluded_lines": 0}, "missing_lines": [], "excluded_lines": []}, "ProfileViewTest.test_student_profile_shows_posts_and_results_navigation": {"executed_lines": [267, 269, 270, 271, 273, 274, 275, 276, 277, 278, 279, 280], "summary": {"covered_lines": 12, "num_statements": 12, "percent_covered": 100.0, "percent_covered_display": "100", "missing_lines": 0, "excluded_lines": 0}, "missing_lines": [], "excluded_lines": []}, "ProfileViewTest.test_profile_info_shows_student_group_membership_readonly": {"executed_lines": [283, 284, 285, 286, 288, 293, 299, 307, 318, 330, 331, 332, 333, 334, 336, 337, 338, 339, 340, 342, 349, 357, 362, 364, 365, 367, 368, 369, 370], "summary": {"covered_lines": 29, "num_statements": 29, "percent_covered": 100.0, "percent_covered_display": "100", "missing_lines": 0, "excluded_lines": 0}, "missing_lines": [], "excluded_lines": []}, "ProfileViewTest.test_profile_info_handles_
[...]
: 4, "num_statements": 4, "percent_covered": 100.0, "percent_covered_display": "100", "missing_lines": 0, "excluded_lines": 0}, "missing_lines": [], "excluded_lines": []}, "ProjectUploadSecurityTest.test_submit_project_randomizes_filename_for_allowed_file": {"executed_lines": [151, 155, 157, 158, 159, 160, 161, 162], "summary": {"covered_lines": 8, "num_statements": 8, "percent_covered": 100.0, "percent_covered_display": "100", "missing_lines": 0, "excluded_lines": 0}, "missing_lines": [], "excluded_lines": []}, "ProjectTenantIsolationTest.setUp": {"executed_lines": [167, 168, 169, 170, 171, 173, 180, 188, 194, 195, 196, 197, 198, 200, 201, 203, 211, 213, 214, 215, 216], "summary": {"covered_lines": 21, "num_statements": 21, "percent_covered": 100.0, "percent_covered_display": "100", "missing_lines": 0, "excluded_lines": 0}, "missing_lines": [], "excluded_lines": []}, "ProjectTenantIsolationTest.test_api_get_groups_blocks_cross_tenant_course_id": {"executed_lines": [219, 220], "summary": {"covered_lines": 2, "num_statements": 2, "percent_covered": 100.0, "percent_covered_display": "100", "missing_lines": 0, "excluded_lines": 0}, "missing_lines": [], "excluded_lines": []}, "ProjectTenantIsolationTest.test_project_detail_blocks_cross_tenant_project_id": {"executed_lines": [223, 224, 225, 226, 228, 229], "summary": {"covered_lines": 6, "num_statements": 6, "percent_covered": 100.0, "percent_covered_display": "100", "missing_lines": 0, "excluded_lines": 0}, "missing_lines": [], "excluded_lines": []}, "ProjectReviewVisibilityTest.setUp": {"executed_lines": [234, 235, 236, 237, 238, 240, 241, 250, 251], "summary": {"covered_lines": 9, "num_statements": 9, "percent_covered": 100.0, "percent_covered_display": "100", "missing_lines": 0, "excluded_lines": 0}, "missing_lines": [], "excluded_lines": []}, "ProjectReviewVisibilityTest.test_student_views_hide_project_result_until_review_window_closes": {"executed_lines": [262, 264, 265, 266, 267, 268, 270, 271, 272, 273, 274, 275, 277, 278, 280, 281, 282, 283, 285, 286, 287, 288, 289], "summary": {"covered_lines": 23, "num_statements": 23, "percent_covered": 100.0, "percent_covered_display": "100", "missing_lines": 0, "excluded_lines": 0}, "missing_lines": [], "excluded_lines": []}, "": {"executed_lines": [1, 5, 7, 8, 9, 10, 11, 13, 14, 15, 16, 17, 19, 22, 23, 38, 48, 62, 63, 85, 97, 109, 110, 126, 136, 150, 165, 166, 218, 222, 232, 233, 261], "summary": {"covered_lines": 32, "num_statements": 32, "percent_covered": 100.0, "percent_covered_display": "100", "missing_lines": 0, "excluded_lines": 0}, "missing_lines": [], "excluded_lines": []}}, "classes": {"ProjectDetailBackUrlTest": {"executed_lines": [24, 25, 26, 27, 28, 36, 39, 40, 42, 43, 49, 50, 55, 56], "summary": {"covered_lines": 14, "num_statements": 14, "percent_covered": 100.0, "percent_covered_display": "100", "missing_lines": 0, "excluded_lines": 0}, "missing_lines": [], "excluded_lines": []}, "ProjectReviewSubmissionNavigationTest": {"executed_lines": [64, 65, 66, 67, 68, 69, 70, 78, 86, 87, 92, 93, 94, 95, 98, 99, 100, 105, 106], "summary": {"covered_lines": 19, "num_statements": 19, "percent_covered": 100.0, "percent_covered_display": "100", "missing_lines": 0, "excluded_lines": 0}, "missing_lines": [], "excluded_lines": []}, "ProjectUploadSecurityTest": {"executed_lines": [111, 112, 113, 114, 115, 123, 124, 127, 131, 133, 134, 137, 145, 147, 148, 151, 155, 157, 158, 159, 160, 161, 162], "summary": {"covered_lines": 23, "num_statements": 23, "percent_covered": 100.0, "percent_covered_display": "100", "missing_lines": 0, "excluded_lines": 0}, "missing_lines": [], "excluded_lines": []}, "ProjectTenantIsolationTest": {"executed_lines": [167, 168, 169, 170, 171, 173, 180, 188, 194, 195, 196, 197, 198, 200, 201, 203, 211, 213, 214, 215, 216, 219, 220, 223, 224, 225, 226, 228, 229], "summary": {"covered_lines": 29, "num_statements": 29, "percent_covered": 100.0, "percent_covered_display": "100", "missing_lines": 0, "excluded_lines": 0}, "missing_lines": [], "excluded_lines": []}, "ProjectReviewVisibilityTest": {"executed_lines": [234, 235, 236, 237, 238, 240, 241, 250, 251, 262, 264, 265, 266, 267, 268, 270, 271, 272, 273, 274, 275, 277, 278, 280, 281, 282, 283, 285, 286, 287, 288, 289], "summary": {"covered_lines": 32, "num_statements": 32, "percent_covered": 100.0, "percent_covered_display": "100", "missing_lines": 0, "excluded_lines": 0}, "missing_lines": [], "excluded_lines": []}, "": {"executed_lines": [1, 5, 7, 8, 9, 10, 11, 13, 14, 15, 16, 17, 19, 22, 23, 38, 48, 62, 63, 85, 97, 109, 110, 126, 136, 150, 165, 166, 218, 222, 232, 233, 261], "summary": {"covered_lines": 32, "num_statements": 32, "percent_covered": 100.0, "percent_covered_display": "100", "missing_lines": 0, "excluded_lines": 0}, "missing_lines": [], "excluded_lines": []}}}, "apps/projects/urls.py": {"executed_lines": [1, 3, 5, 7], "summary": {"covered_lines": 4, "num_statements": 4, "percent_covered": 100.0, "percent_covered_display": "100", "missing_lines": 0, "excluded_lines": 0}, "missing_lines": [], "excluded_lines": [], "functions": {"": {"executed_lines": [1, 3, 5, 7], "summary": {"covered_lines": 4, "num_statements": 4, "percent_covered": 100.0, "percent_covered_display": "100", "missing_lines": 0, "excluded_lines": 0}, "missing_lines": [], "excluded_lines": []}}, "classes": {"": {"executed_lines": [1, 3, 5, 7], "summary": {"covered_lines": 4, "num_statements": 4, "percent_covered": 100.0, "percent_covered_display": "100", "missing_lines": 0, "excluded_lines": 0}, "missing_lines": [], "excluded_lines": []}}}, "apps/projects/views/__init__.py": {"executed_lines": [1, 14, 19, 24, 29, 34], "summary": {"covered_lines": 5, "num_statements": 5, "percent_covered": 100.0, "percent_covered_display": "100", "missing_lines": 0, "excluded_lines": 0}, "missing_lines": [], "excluded_lines": [], "functions": {"": {"executed_lines": [1, 14, 19, 24, 29, 34], "summary": {"covered_lines": 5, "num_statements": 5, "percent_covered": 100.0, "percent_covered_display": "100", "missing_lines": 0, "excluded_lines": 0}, "missing_lines": [], "excluded_lines": []}}, "classes": {"": {"executed_lines": [1, 14, 19, 24, 29, 34], "summary": {"covered_lines": 5, "num_statements": 5, "percent_covered": 100.0, "percent_covered_display": "100", "missing_lines": 0, "excluded_lines": 0}, "missing_lines": [], "excluded_lines": []}}}, "apps/projects/views/_helpers.py": {"executed_lines": [1, 7, 9, 10, 12, 13, 14, 15, 23, 25, 26, 29, 35, 37, 40, 42, 45, 55, 57, 58, 62, 65, 66, 67, 68, 69, 70, 71, 73, 76, 77, 83, 84, 85, 90, 92, 96, 97, 99, 100, 103], "summary": {"covered_lines": 40, "num_statements": 47, "percent_covered": 85.1063829787234, "percent_covered_display": "85", "missing_lines": 7, "excluded_lines": 0}, "missing_lines": [31, 32, 47, 63, 86, 87, 101], "excluded_lines": [], "functions": {"_tenant_scoped_projects": {"executed_lines": [25, 26], "summary": {"covered_lines": 2, "num_statements": 2, "percent_covered": 100.0, "percent_covered_display": "100", "missing_lines": 0, "excluded_lines": 0}, "missing_lines": [], "excluded_lines": []}, "_tenant_scoped_submissions": {"executed_lines": [], "summary": {"covered_lines": 0, "num_statements": 2, "percent_covered": 0.0, "percent_covered_display": "0", "missing_lines": 2, "excluded_lines": 0}, "missing_lines": [31, 32], "excluded_lines": []}, "_get_tenant_course_or_404": {"executed_lines": [37], "summary": {"covered_lines": 1, "num_statements": 1, "percent_covered": 100.0, "percent_covered_display": "100", "missing_lines": 0, "excluded_lines": 0}, "missing_lines": [], "excluded_lines": []}, "_get_tenant_project_or_404": {"executed_lines": [42], "summary": {"covered_lines": 1, "num_statements": 1, "percent_covered": 100.0, "percent_covered_display": "100", "missing_lines": 0, "excluded_lines": 0}, "missing_lines": [], "excluded_lines": []}, "_get_tenant_submission_or_404": {"executed_lines": [], "summary": {"covered_lines": 0, "num_statements": 1, "percent_covered": 0.0, "percent_covered_display": "0", "missing_lines": 1, "excluded_lines": 0}, "missing_lines": [47], "excluded_lines": []}, "_project_back_url": {"executed_lines": [57, 58, 62, 65, 66, 67, 68, 69, 70, 71, 73], "summary": {"covered_lines": 11, "num_statements": 12, "percent_covered": 91.66666666666667, "percent_covered_display": "92", "missing_lines": 1, "excluded_lines": 0}, "missing_lines": [63], "excluded_lines": []}, "_student_return_to": {"executed_lines": [77], "summary": {"covered_lines": 1, "num_statements": 1, "percent_covered": 100.0, "percent_covered_display": "100", "missing_lines": 0, "excluded_lines": 0}, "missing_lines": [], "excluded_lines": []}, "_append_return_to": {"executed_lines": [84, 85], "summary": {"covered_lines": 2, "num_statements": 4, "percent_covered": 50.0, "percent_covered_display": "50", "missing_lines": 2, "excluded_lines": 0}, "missing_lines": [86, 87], "excluded_lines": []}, "_teacher_review_back_url": {"executed_lines": [92, 96, 97, 99, 100, 103], "summary": {"covered_lines": 6, "num_statements": 7, "percent_covered": 85.71428571428571, "percent_covered_display": "86", "missing_lines": 1, "excluded_lines": 0}, "missing_lines": [101], "excluded_lines": []}, "": {"executed_lines": [1, 7, 9, 10, 12, 13, 14, 15, 23, 29, 35, 40, 45, 55, 76, 83, 90], "summary": {"covered_lines": 16, "num_statements": 16, "percent_covered": 100.0, "percent_covered_display": "100", "missing_lines": 0, "excluded_lines": 0}, "missing_lines": [], "excluded_lines": []}}, "classes": {"": {"executed_lines": [1, 7, 9, 10, 12, 13, 14, 15, 23, 25, 26, 29, 35, 37, 40, 42, 45, 55, 57, 58, 62, 65, 66, 67, 68, 69, 70, 71, 73, 76, 77, 83, 84, 85, 90, 92, 96, 97, 99, 100, 103], "summary": {"covered_lines": 40, "num_statements": 47, "percent_covered": 85.1063829787234, "percent_covered_display": "85", "missing_lines": 7, "excluded_lines": 0}, "missing_lines": [31, 32, 47, 63, 86, 87, 101], "excluded_lines": []}}}, "apps/projects/views/api.py": {"executed_lines": [1, 11, 12, 14, 16, 24, 25, 32, 34, 37, 57, 58], "summary": {"covered_lines": 11, "num_statements": 30, "percent_covered": 36.666666666666664, "percent_covered_display": "37", "missing_lines": 19, "excluded_lines": 0}, "missing_lines": [35, 40, 49, 65, 66, 68, 69, 71, 72, 74, 75, 78, 85, 86, 87, 88, 89, 90, 98], "excluded_lines": [], "functions": {"api_get_groups": {"executed_lines": [32, 34, 37], "summary": {"covered_lines": 3, "num_statements": 6, "percent_covered": 50.0, "percent_covered_display": "50", "missing_lines": 3, "excluded_lines": 0}, "missing_lines": [35, 40, 49], "excluded_lines": []}, "api_get_students": {"executed_lines": [], "summary": {"covered_lines": 0, "num_statements": 16, "percent_covered": 0.0, "percent_covered_display": "0", "missing_lines": 16, "excluded_lines": 0}, "missing_lines": [65, 66, 68, 69, 71, 72, 74, 75, 78, 85, 86, 87, 88, 89, 90, 98], "excluded_lines": []}, "": {"executed_lines": [1, 11, 12, 14, 16, 24, 25, 57, 58], "summary": {"covered_lines": 8, "num_statements": 8, "percent_covered": 100.0, "percent_covered_display": "100", "missing_lines": 0, "excluded_lines": 0}, "missing_lines": [], "excluded_lines": []}}, "classes": {"": {"executed_lines": [1, 11, 12, 14, 16, 24, 25, 32, 34, 37, 57, 58], "summary": {"covered_lines": 11, "num_statements": 30, "percent_covered": 36.666666666666664, "percent_covered_display": "37", "missing_lines": 19, "excluded_lines": 0}, "missing_lines": [35, 40, 49, 65, 66, 68, 69, 71, 72, 74, 75, 78, 85, 86, 87, 88, 89, 90, 98], "excluded_lines": []}}}, "apps/projects/views/crud.py": {"executed_lines": [1, 12, 13, 14, 15, 16, 17, 19, 21, 23, 31, 32, 33, 101, 102, 103, 203, 204, 205], "summary": {"covered_lines": 18, "num_statements": 76, "percent_covered": 23.68421052631579, "percent_covered_display": "24", "missing_lines": 58, "excluded_lines": 0}, "missing_lines": [44, 46, 49, 50, 55, 57, 73, 74, 76, 78, 79, 80, 82, 87, 89, 90, 92, 93, 111, 114, 115, 123, 124, 125, 128, 135, 154, 159, 160, 161, 162, 163, 164, 165, 166, 167, 175, 176, 178, 179, 180, 181, 182, 187, 189, 191, 192, 194, 195, 212, 214, 215, 220, 221, 222, 223, 224, 225], "excluded_lines": [], "functions": {"create_project": {"executed_lines": [], "summary": {"covered_lines": 0, "num_statements": 18, "percent_covered": 0.0, "percent_covered_display": "0", "missing_lines": 18, "excluded_lines": 0}, "missing_lines": [44, 46, 49, 50, 55, 57, 73, 74, 76, 78, 79, 80, 82, 87, 89, 90, 92, 93], "excluded_lines": []}, "edit_project": {"executed_lines": [], "summary": {"covered_lines": 0, "num_statements": 31, "percent_covered": 0.0, "percent_covered_display": "0", "missing_lines": 31, "excluded_lines": 0}, "missing_lines": [111, 114, 115, 123, 124, 125, 128, 135, 154, 159, 160, 161, 162, 163, 164, 165, 166, 167, 175, 176, 178, 179, 180, 181, 182, 187, 189, 191, 192, 194, 195], "excluded_lines": []}, "delete_project": {"executed_lines": [], "summary": {"covered_lines": 0, "num_statements": 9, "percent_covered": 0.0, "percent_covered_display": "0", "missing_lines": 9, "excluded_lines": 0}, "missing_lines": [212, 214, 215, 220, 221, 222, 223, 224, 225], "excluded_lines": []}, "": {"executed_lines": [1, 12, 13, 14, 15, 16, 17, 19, 21, 23, 31, 32, 33, 101, 102, 103, 203, 204, 205], "summary": {"covered_lines": 18, "num_statements": 18, "percent_covered": 100.0, "percent_covered_display": "100", "missing_lines": 0, "excluded_lines": 0}, "missing_lines": [], "excluded_lines": []}}, "classes": {"": {"executed_lines": [1, 12, 13, 14, 15, 16, 17, 19, 21, 23, 31, 32, 33, 101, 102, 103, 203, 204, 205], "summary": {"covered_lines": 18, "num_statements": 76, "percent_covered": 23.68421052631579, "percent_covered_display": "24", "missing_lines": 58, "excluded_lines": 0}, "missing_lines": [44, 46, 49, 50, 55, 57, 73, 74, 76, 78, 79, 80, 82, 87, 89, 90, 92, 93, 111, 114, 115, 123, 124, 125, 128, 135, 154, 159, 160, 161, 162, 163, 164, 165, 166, 167, 175, 176, 178, 179, 180, 181, 182, 187, 189, 191, 192, 194, 195, 212, 214, 215, 220, 221, 222, 223, 224, 225], "excluded_lines": []}}}, "apps/projects/views/student.py": {"executed_lines": [1, 12, 13, 14, 15, 16, 17, 18, 19, 21, 22, 24, 27, 30, 31, 32, 34, 35, 36, 39, 40, 41, 42, 43, 45, 53, 54, 66, 71, 72, 73, 78, 79, 80, 82, 93, 101, 102, 103, 112, 114, 117, 126, 127, 128, 129, 145, 146, 147, 149, 150, 157, 158, 159, 161, 162, 179, 180, 193, 198, 203, 204, 205, 207, 218], "summary": {"covered_lines": 64, "num_statements": 71, "percent_covered": 90.14084507042253, "percent_covered_display": "90", "missing_lines": 7, "excluded_lines": 0}, "missing_lines": [74, 75, 118, 170, 171, 199, 200], "excluded_lines": [], "functions": {"_annotate_review_state": {"executed_lines": [31, 32, 34, 35, 36, 39, 40, 41, 42, 43, 45], "summary": {"covered_lines": 11, "num_statements": 11, "percent_covered": 100.0, "percent_covered_display": "100", "missing_lines": 0, "excluded_lines": 0}, "missing_lines": [], "excluded_lines": []}, "project_detail": {"executed_lines": [66, 71, 72, 73, 78, 79, 80, 82, 93], "summary": {"covered_lines": 9, "num_statements": 11, "percent_covered": 81.81818181818181, "percent_covered_display": "82", "missing_lines": 2, "excluded_lines": 0}, "missing_lines": [74, 75], "excluded_lines": []}, "submit_project": {"executed_lines": [112, 114, 117, 126, 127, 128, 129, 145, 146, 147, 149, 150, 157, 158, 159, 161, 162], "summary": {"covered_lines": 17, "num_statements": 20, "percent_covered": 85.0, "percent_covered_display": "85", "missing_lines": 3, "excluded_lines": 0}, "missing_lines": [118, 170, 171], "excluded_lines": []}, "my_submissions": {"executed_lines": [193, 198, 203, 204, 205, 207, 218], "summary": {"covered_lines": 7, "num_statements": 9, "percent_covered": 77.77777777777777, "percent_covered_display": "78", "missing_lines": 2, "excluded_lines": 0}, "missing_lines": [199, 200], "excluded_lines": []}, "": {"executed_lines": [1, 12, 13, 14, 15, 16, 17, 18, 19, 21, 22, 24, 27, 30, 53, 54, 101, 102, 103, 179, 180], "summary": {"covered_lines": 20, "num_statements": 20, "percent_covered": 100.0, "percent_covered_display": "100", "missing_lines": 0, "excluded_lines": 0}, "missing_lines": [], "excluded_lines": []}}, "classes": {"": {"executed_lines": [1, 12, 13, 14, 15, 16, 17, 18, 19, 21, 22, 24, 27, 30, 31, 32, 34, 35, 36, 39, 40, 41, 42, 43, 45, 53, 54, 66, 71, 72, 73, 78, 79, 80, 82, 93, 101, 102, 103, 112, 114, 117, 126, 127, 128, 129, 145, 146, 147, 149, 150, 157, 158, 159, 161, 162, 179, 180, 193, 198, 203, 204, 205, 207, 218], "summary": {"covered_lines": 64, "num_statements": 71, "percent_covered": 90.14084507042253, "percent_covered_display": "90", "missing_lines": 7, "excluded_lines": 0}, "missing_lines": [74, 75, 118, 170, 171, 199, 200], "excluded_lines": []}}}, "apps/projects/views/teacher.py": {"executed_lines": [1, 11, 12, 14, 15, 16, 17, 18, 19, 20, 21, 22, 24, 25, 27, 30, 31, 32, 33, 45, 46, 58, 61, 65, 66, 67, 75, 76, 77, 79, 82, 83, 84, 86, 89, 90, 91, 92, 93, 109, 123, 131, 132, 133, 176, 177, 178], "summary": {"covered_lines": 46, "num_statements": 100, "percent_covered": 46.0, "percent_covered_display": "46", "missing_lines": 54, "excluded_lines": 0}, "missing_lines": [34, 35, 36, 37, 62, 63, 68, 78, 80, 85, 87, 134, 136, 137, 138, 140, 145, 146, 148, 152, 153, 154, 155, 157, 158, 159, 160, 162, 163, 164, 165, 167, 168, 169, 173, 187, 189, 190, 196, 197, 202, 207, 212, 213, 214, 215, 216, 217, 218, 219, 221, 222, 224, 225], "excluded_lines": [], "functions": {"_parse_filter_date": {"executed_lines": [31, 32, 33], "summary": {"covered_lines": 3, "num_statements": 7, "percent_covered": 42.857142857142854, "percent_covered_display": "43", "missing_lines": 4, "excluded_lines": 0}, "missing_lines": [34, 35, 36, 37], "excluded_lines": []}, "review_submissions": {"executed_lines": [58, 61, 65, 66, 67, 75, 76, 77, 79, 82, 83, 84, 86, 89, 90, 91, 92, 93, 109, 123], "summary": {"covered_lines": 20, "num_statements": 27, "percent_covered": 74.07407407407408, "percent_covered_display": "74", "missing_lines": 7, "excluded_lines": 0}, "missing_lines": [62, 63, 68, 78, 80, 85, 87], "excluded_lines": []}, "delete_submissions": {"executed_lines": [], "summary": {"covered_lines": 0, "num_statements": 24, "percent_covered": 0.0, "percent_covered_display": "0", "missing_lines": 24, "excluded_lines": 0}, "missing_lines": [134, 136, 137, 138, 140, 145, 146, 148, 152, 153, 154, 155, 157, 158, 159, 160, 162, 163, 164, 165, 167, 168, 169, 173], "excluded_lines": []}, "grade_submission": {"executed_lines": [], "summary": {"covered_lines": 0, "num_statements": 19, "percent_covered": 0.0, "percent_covered_display": "0", "missing_lines": 19, "excluded_lines": 0}, "missing_lines": [187, 189, 190, 196, 197, 202, 207, 212, 213, 214, 215, 216, 217, 218, 219, 221, 222, 224, 225], "excluded_lines": []}, "": {"executed_lines": [1, 11, 12, 14, 15, 16, 17, 18, 19, 20, 21, 22, 24, 25, 27, 30, 45, 46, 131, 132, 133, 176, 177, 178], "summary": {"covered_lines": 23, "num_statements": 23, "percent_covered": 100.0, "percent_covered_display": "100", "missing_lines": 0, "excluded_lines": 0}, "missing_lines": [], "excluded_lines": []}}, "classes": {"": {"executed_lines": [1, 11, 12, 14, 15, 16, 17, 18, 19, 20, 21, 22, 24, 25, 27, 30, 31, 32, 33, 45, 46, 58, 61, 65, 66, 67, 75, 76, 77, 79, 82, 83, 84, 86, 89, 90, 91, 92, 93, 109, 123, 131, 132, 133, 176, 177, 178], "summary": {"covered_lines": 46, "num_statements": 100, "percent_covered": 46.0, "percent_covered_display": "46", "missing_lines": 54, "excluded_lines": 0}, "missing_lines": [34, 35, 36, 37, 62, 63, 68, 78, 80, 85, 87, 134, 136, 137, 138, 140, 145, 146, 148, 152, 153, 154, 155, 157, 158, 159, 160, 162, 163, 164, 165, 167, 168, 169, 173, 187, 189, 190, 196, 197, 202, 207, 212, 213, 214, 215, 216, 217, 218, 219, 221, 222, 224, 225], "excluded_lines": []}}}}, "totals": {"covered_lines": 10664, "num_statements": 15134, "percent_covered": 70.46385621778776, "percent_covered_display": "70", "missing_lines": 4470, "excluded_lines": 0}}